<?xml version="1.0" encoding="UTF-8"?>
<testsuite xmlns:xsi="http://www.w3.org/2001/XMLSchema-instance" xsi:noNamespaceSchemaLocation="https://maven.apache.org/surefire/maven-surefire-plugin/xsd/surefire-test-report-3.0.xsd" version="3.0" name="com.fca.io.JsonDataLoaderTest" time="0.045" tests="14" errors="0" skipped="0" failures="0">
  <properties>
[...]
</properties>
  <testcase name="parseEmptyContext" classname="com.fca.io.JsonDataLoaderTest" time="0.003"/>
  <testcase name="invalidJson" classname="com.fca.io.JsonDataLoaderTest" time="0.002"/>
  <testcase name="mismatchedIncidenceCols" classname="com.fca.io.JsonDataLoaderTest" time="0.005"/>
  <testcase name="mismatchedIncidenceRows" classname="com.fca.io.JsonDataLoaderTest" time="0.004"/>
  <testcase name="loadFromFile" classname="com.fca.io.JsonDataLoaderTest" time="0.005"/>
  <testcase name="missingIncidence" classname="com.fca.io.JsonDataLoaderTest" time="0.001"/>
  <testcase name="incompleteJson(String)[1]" classname="com.fca.io.JsonDataLoaderTest" time="0.002"/>
  <testcase name="incompleteJson(String)[2]" classname="com.fca.io.JsonDataLoaderTest" time="0.0"/>
  <testcase name="incompleteJson(String)[3]" classname="com.fca.io.JsonDataLoaderTest" time="0.001"/>
  <testcase name="missingObjects" classname="com.fca.io.JsonDataLoaderTest" time="0.001"/>
  <testcase name="fileNotFound" classname="com.fca.io.JsonDataLoaderTest" time="0.003"/>
  <testcase name="parseValidJson" classname="com.fca.io.JsonDataLoaderTest" time="0.003"/>
  <testcase name="parseFromReader" classname="com.fca.io.JsonDataLoaderTest" time="0.001"/>
  <testcase name="missingAttributes" classname="com.fca.io.JsonDataLoaderTest" time="0.001"/>
</testsuite>