<?xml version="1.0" encoding="UTF-8"?>
<testsuite xmlns:xsi="http://www.w3.org/2001/XMLSchema-instance" xsi:noNamespaceSchemaLocation="https://maven.apache.org/surefire/maven-surefire-plugin/xsd/surefire-test-report-3.0.xsd" version="3.0" name="com.fca.bdd.RunCucumberTest" time="0.544" tests="68" errors="0" skipped="0" failures="0">
  <properties>
[...]
</properties>
  <testcase name="Результаты BitSet и Collections совпадают на контексте животных" classname="Оба алгоритма дают идентичные результаты на одних данных" time="0.207">
    <system-out><![CDATA[
РЎС†РµРЅР°СЂРёР№: Р РµР·СѓР»СЊС‚Р°С‚С‹ BitSet Рё Collections СЃРѕРІРїР°РґР°СЋС‚ РЅР° РєРѕРЅС‚РµРєСЃС‚Рµ Р¶РёРІРѕС‚РЅС‹С… &amp#27;[90m# src/test/resources/features/algorithm_comparison.feature:53&amp#27;[0m
  &amp#27;[32mР”РѕРїСѓСЃС‚РёРј &amp#27;[0m&amp#27;[32mСЃРёСЃС‚РµРјР° СЃСЂР°РІРЅРµРЅРёСЏ Р°Р»РіРѕСЂРёС‚РјРѕРІ РёРЅРёС†РёР°Р»РёР·РёСЂРѕРІР°РЅР°&amp#27;[0m                  &amp#27;[90m# com.fca.bdd.AlgorithmComparisonSteps.СЃРёСЃС‚РµРјР°_РёРЅРёС†РёР°Р»РёР·РёСЂРѕРІР°РЅР°()&amp#27;[0m
  &amp#27;[32mР”РѕРїСѓСЃС‚РёРј &amp#27;[0m&amp#27;[32mР·Р°РіСЂСѓР¶РµРЅ РєРѕРЅС‚РµРєСЃС‚ РёР· С„Р°Р№Р»Р° &amp#27;[0m&amp#27;[32m&amp#27;[1m"sample-context.json"&amp#27;[0m               &amp#27;[90m# com.fca.bdd.AlgorithmComparisonSteps.Р·Р°РіСЂСѓР¶РµРЅ_РєРѕРЅС‚РµРєСЃС‚(java.lang.String)&amp#27;[0m
  &amp#27;[32mРљРѕРіРґР° &amp#27;[0m&amp#27;[32mСЏ Р·Р°РїСѓСЃРєР°СЋ СЃСЂР°РІРЅРµРЅРёРµ РґРІСѓС… СЂРµР°Р»РёР·Р°С†РёР№ CbO&amp#27;[0m                          &amp#27;[90m# com.fca.bdd.AlgorithmComparisonSteps.Р·Р°РїСѓСЃРєР°СЋ_СЃСЂР°РІРЅРµРЅРёРµ()&amp#27;[0m
  &amp#27;[32mРўРѕРіРґР° &amp#27;[0m&amp#27;[32mРјРЅРѕР¶РµСЃС‚РІР° РЅР°Р№РґРµРЅРЅС‹С… РїРѕРЅСЏС‚РёР№ СЃРѕРІРїР°РґР°СЋС‚&amp#27;[0m                             &amp#27;[90m# com.fca.bdd.AlgorithmComparisonSteps.РїРѕРЅСЏС‚РёСЏ_СЃРѕРІРїР°РґР°СЋС‚()&amp#27;[0m
  &amp#27;[32mР� &amp#27;[0m&amp#27;[32mРјРЅРѕР¶РµСЃС‚РІР° РЅР°Р№РґРµРЅРЅС‹С… РёРјРїР»РёРєР°С†РёР№ СЃРѕРІРїР°РґР°СЋС‚&amp#27;[0m                              &amp#27;[90m# com.fca.bdd.AlgorithmComparisonSteps.РёРјРїР»РёРєР°С†РёРё_СЃРѕРІРїР°РґР°СЋС‚()&amp#27;[0m
  &amp#27;[32mР� &amp#27;[0m&amp#27;[32mСЂРµР·СѓР»СЊС‚Р°С‚ СЃСЂР°РІРЅРµРЅРёСЏ РїРѕР»РЅРѕСЃС‚СЊСЋ СЃРѕРіР»Р°СЃРѕРІР°РЅ&amp#27;[0m                              &amp#27;[90m# com.fca.bdd.AlgorithmComparisonSteps.СЂРµР·СѓР»СЊС‚Р°С‚_СЃРѕРіР»Р°СЃРѕРІР°РЅ()&amp#27;[0m
]]></system-out>
  </testcase>
  <testcase name="Результаты BitSet и Collections совпадают на контексте животных" classname="Оба алгоритма дают идентичные результаты на одних данных" time="0.013">
    <system-out><![CDATA[
РЎС†РµРЅР°СЂРёР№: Р РµР·СѓР»СЊС‚Р°С‚С‹ BitSet Рё Collections СЃРѕРІРїР°РґР°СЋС‚ РЅР° РєРѕРЅС‚РµРєСЃС‚Рµ Р¶РёРІРѕС‚РЅС‹С… &amp#27;[90m# src/test/resources/features/algorithm_comparison.feature:53&amp#27;[0m
  &amp#27;[32mР”РѕРїСѓСЃС‚РёРј &amp#27;[0m&amp#27;[32mСЃРёСЃС‚РµРјР° СЃСЂР°РІРЅРµРЅРёСЏ Р°Р»РіРѕСЂРёС‚РјРѕРІ РёРЅРёС†РёР°Р»РёР·РёСЂРѕРІР°РЅР°&amp#27;[0m                  &amp#27;[90m# com.fca.bdd.AlgorithmComparisonSteps.СЃРёСЃС‚РµРјР°_РёРЅРёС†РёР°Р»РёР·РёСЂРѕРІР°РЅР°()&amp#27;[0m
  &amp#27;[32mР”РѕРїСѓСЃС‚РёРј &amp#27;[0m&amp#27;[32mР·Р°РіСЂСѓР¶РµРЅ РєРѕРЅС‚РµРєСЃС‚ РёР· С„Р°Р№Р»Р° &amp#27;[0m&amp#27;[32m&amp#27;[1m"sample-context.json"&amp#27;[0m               &amp#27;[90m# com.fca.bdd.AlgorithmComparisonSteps.Р·Р°РіСЂСѓР¶РµРЅ_РєРѕРЅС‚РµРєСЃС‚(java.lang.String)&amp#27;[0m
  &amp#27;[32mРљРѕРіРґР° &amp#27;[0m&amp#27;[32mСЏ Р·Р°РїСѓСЃРєР°СЋ СЃСЂР°РІРЅРµРЅРёРµ РґРІСѓС… СЂРµР°Р»РёР·Р°С†РёР№ CbO&amp#27;[0m                          &amp#27;[90m# com.fca.bdd.AlgorithmComparisonSteps.Р·Р°РїСѓСЃРєР°СЋ_СЃСЂР°РІРЅРµРЅРёРµ()&amp#27;[0m
  &amp#27;[32mРўРѕРіРґР° &amp#27;[0m&amp#27;[32mРјРЅРѕР¶РµСЃС‚РІР° РЅР°Р№РґРµРЅРЅС‹С… РїРѕРЅСЏС‚РёР№ СЃРѕРІРїР°РґР°СЋС‚&amp#27;[0m                             &amp#27;[90m# com.fca.bdd.AlgorithmComparisonSteps.РїРѕРЅСЏС‚РёСЏ_СЃРѕРІРїР°РґР°СЋС‚()&amp#27;[0m
  &amp#27;[32mР� &amp#27;[0m&amp#27;[32mРјРЅРѕР¶РµСЃС‚РІР° РЅР°Р№РґРµРЅРЅС‹С… РёРјРїР»РёРєР°С†РёР№ СЃРѕРІРїР°РґР°СЋС‚&amp#27;[0m                              &amp#27;[90m# com.fca.bdd.AlgorithmComparisonSteps.РёРјРїР»РёРєР°С†РёРё_СЃРѕРІРїР°РґР°СЋС‚()&amp#27;[0m
  &amp#27;[32mР� &amp#27;[0m&amp#27;[32mСЂРµР·СѓР»СЊС‚Р°С‚ СЃСЂР°РІРЅРµРЅРёСЏ РїРѕР»РЅРѕСЃС‚СЊСЋ СЃРѕРіР»Р°СЃРѕРІР°РЅ&amp#27;[0m                              &amp#27;[90m# com.fca.bdd.AlgorithmComparisonSteps.СЂРµР·СѓР»СЊС‚Р°С‚_СЃРѕРіР»Р°СЃРѕРІР°РЅ()&amp#27;[0m
]]></system-out>
  </testcase>
  <testcase name="Результаты BDD-сценария совпадают с результатами unit-теста" classname="Оба алгоритма дают идентичные результаты на одних данных" time="0.024">
    <system-out><![CDATA[
РЎС†РµРЅР°СЂРёР№: Р РµР·СѓР»СЊС‚Р°С‚С‹ BDD-СЃС†РµРЅР°СЂРёСЏ СЃРѕРІРїР°РґР°СЋС‚ СЃ СЂРµР·СѓР»СЊС‚Р°С‚Р°РјРё unit-С‚РµСЃС‚Р°                  &amp#27;[90m# src/test/resources/features/algorithm_comparison.feature:60&amp#27;[0m
  &amp#27;[32mР”РѕРїСѓСЃС‚РёРј &amp#27;[0m&amp#27;[32mСЃРёСЃС‚РµРјР° СЃСЂР°РІРЅРµРЅРёСЏ Р°Р»РіРѕСЂРёС‚РјРѕРІ РёРЅРёС†РёР°Р»РёР·РёСЂРѕРІР°РЅР°&amp#27;[0m                               &amp#27;[90m# com.fca.bdd.AlgorithmComparisonSteps.СЃРёСЃС‚РµРјР°_РёРЅРёС†РёР°Р»РёР·РёСЂРѕРІР°РЅР°()&amp#27;[0m
  &amp#27;[32mР”РѕРїСѓСЃС‚РёРј &amp#27;[0m&amp#27;[32mР·Р°РіСЂСѓР¶РµРЅ РєРѕРЅС‚РµРєСЃС‚ РёР· С„Р°Р№Р»Р° &amp#27;[0m&amp#27;[32m&amp#27;[1m"sample-context.json"&amp#27;[0m                            &amp#27;[90m# com.fca.bdd.AlgorithmComparisonSteps.Р·Р°РіСЂСѓР¶РµРЅ_РєРѕРЅС‚РµРєСЃС‚(java.lang.String)&amp#27;[0m
  &amp#27;[32mРљРѕРіРґР° &amp#27;[0m&amp#27;[32mСЏ РІС‹РїРѕР»РЅСЏСЋ Р°Р»РіРѕСЂРёС‚Рј &amp#27;[0m&amp#27;[32m&amp#27;[1m"CbO (BitSet)"&amp#27;[0m&amp#27;[32m Рё СЃРѕС…СЂР°РЅСЏСЋ СЂРµР·СѓР»СЊС‚Р°С‚ РєР°Рє &amp#27;[0m&amp#27;[32m&amp#27;[1m"bdd_bitset"&amp#27;[0m       &amp#27;[90m# com.fca.bdd.AlgorithmComparisonSteps.РІС‹РїРѕР»РЅСЏСЋ_Рё_СЃРѕС…СЂР°РЅСЏСЋ(java.lang.String,java.lang.String)&amp#27;[0m
  &amp#27;[32mР� &amp#27;[0m&amp#27;[32mСЏ РІС‹РїРѕР»РЅСЏСЋ Р°Р»РіРѕСЂРёС‚Рј &amp#27;[0m&amp#27;[32m&amp#27;[1m"CbO (Collections)"&amp#27;[0m&amp#27;[32m Рё СЃРѕС…СЂР°РЅСЏСЋ СЂРµР·СѓР»СЊС‚Р°С‚ РєР°Рє &amp#27;[0m&amp#27;[32m&amp#27;[1m"bdd_collections"&amp#27;[0m &amp#27;[90m# com.fca.bdd.AlgorithmComparisonSteps.РІС‹РїРѕР»РЅСЏСЋ_Рё_СЃРѕС…СЂР°РЅСЏСЋ(java.lang.String,java.lang.String)&amp#27;[0m
  &amp#27;[32mРўРѕРіРґР° &amp#27;[0m&amp#27;[32mСЂРµР·СѓР»СЊС‚Р°С‚ &amp#27;[0m&amp#27;[32m&amp#27;[1m"bdd_bitset"&amp#27;[0m&amp#27;[32m СЃРѕРІРїР°РґР°РµС‚ СЃ РїСЂСЏРјС‹Рј Р·Р°РїСѓСЃРєРѕРј BitSet&amp#27;[0m                      &amp#27;[90m# com.fca.bdd.AlgorithmComparisonSteps.СЃРѕРІРїР°РґР°РµС‚_СЃ_unit_bitset(java.lang.String)&amp#27;[0m
  &amp#27;[32mР� &amp#27;[0m&amp#27;[32mСЂРµР·СѓР»СЊС‚Р°С‚ &amp#27;[0m&amp#27;[32m&amp#27;[1m"bdd_collections"&amp#27;[0m&amp#27;[32m СЃРѕРІРїР°РґР°РµС‚ СЃ РїСЂСЏРјС‹Рј Р·Р°РїСѓСЃРєРѕРј Collections&amp#27;[0m                &amp#27;[90m# com.fca.bdd.AlgorithmComparisonSteps.СЃРѕРІРїР°РґР°РµС‚_СЃ_unit_collections(java.lang.String)&amp#27;[0m

╔═══════════════════════════════════════════════════════════════════════╗
║           Сравнение результатов BDD-тестов и Unit-тестов               ║
╠══════════════════════╦════════════════╦════════════════╦═══════════════╣
║ Алгоритм             ║ BDD (мс)       ║ Unit (мс)      ║ Совпадение    ║
╠══════════════════════╬════════════════╬════════════════╬═══════════════╣
║ CbO (Collections)    ║        0,988   ║        0,579   ║ ДА ✓          ║
║ CbO (BitSet)         ║        0,898   ║        0,516   ║ ДА ✓          ║
╚══════════════════════╩════════════════╩════════════════╩═══════════════╝

  &amp#27;[32mР� &amp#27;[0m&amp#27;[32mСЃРІРѕРґРєР° СЃСЂР°РІРЅРµРЅРёСЏ BDD vs Unit РІС‹РІРµРґРµРЅР° РІ Р»РѕРі&amp#27;[0m                                        &amp#27;[90m# com.fca.bdd.AlgorithmComparisonSteps.СЃРІРѕРґРєР°_bdd_vs_unit()&amp#27;[0m
]]></system-out>
  </testcase>
  <testcase name="Результаты BDD-сценария совпадают с результатами unit-теста" classname="Оба алгоритма дают идентичные результаты на одних данных" time="0.008">
    <system-out><![CDATA[
РЎС†РµРЅР°СЂРёР№: Р РµР·СѓР»СЊС‚Р°С‚С‹ BDD-СЃС†РµРЅР°СЂРёСЏ СЃРѕРІРїР°РґР°СЋС‚ СЃ СЂРµР·СѓР»СЊС‚Р°С‚Р°РјРё unit-С‚РµСЃС‚Р°                  &amp#27;[90m# src/test/resources/features/algorithm_comparison.feature:60&amp#27;[0m
  &amp#27;[32mР”РѕРїСѓСЃС‚РёРј &amp#27;[0m&amp#27;[32mСЃРёСЃС‚РµРјР° СЃСЂР°РІРЅРµРЅРёСЏ Р°Р»РіРѕСЂРёС‚РјРѕРІ РёРЅРёС†РёР°Р»РёР·РёСЂРѕРІР°РЅР°&amp#27;[0m                               &amp#27;[90m# com.fca.bdd.AlgorithmComparisonSteps.СЃРёСЃС‚РµРјР°_РёРЅРёС†РёР°Р»РёР·РёСЂРѕРІР°РЅР°()&amp#27;[0m
  &amp#27;[32mР”РѕРїСѓСЃС‚РёРј &amp#27;[0m&amp#27;[32mР·Р°РіСЂСѓР¶РµРЅ РєРѕРЅС‚РµРєСЃС‚ РёР· С„Р°Р№Р»Р° &amp#27;[0m&amp#27;[32m&amp#27;[1m"sample-context.json"&amp#27;[0m                            &amp#27;[90m# com.fca.bdd.AlgorithmComparisonSteps.Р·Р°РіСЂСѓР¶РµРЅ_РєРѕРЅС‚РµРєСЃС‚(java.lang.String)&amp#27;[0m
  &amp#27;[32mРљРѕРіРґР° &amp#27;[0m&amp#27;[32mСЏ РІС‹РїРѕР»РЅСЏСЋ Р°Р»РіРѕСЂРёС‚Рј &amp#27;[0m&amp#27;[32m&amp#27;[1m"CbO (BitSet)"&amp#27;[0m&amp#27;[32m Рё СЃРѕС…СЂР°РЅСЏСЋ СЂРµР·СѓР»СЊС‚Р°С‚ РєР°Рє &amp#27;[0m&amp#27;[32m&amp#27;[1m"bdd_bitset"&amp#27;[0m       &amp#27;[90m# com.fca.bdd.AlgorithmComparisonSteps.РІС‹РїРѕР»РЅСЏСЋ_Рё_СЃРѕС…СЂР°РЅСЏСЋ(java.lang.String,java.lang.String)&amp#27;[0m
  &amp#27;[32mР� &amp#27;[0m&amp#27;[32mСЏ РІС‹РїРѕР»РЅСЏСЋ Р°Р»РіРѕСЂРёС‚Рј &amp#27;[0m&amp#27;[32m&amp#27;[1m"CbO (Collections)"&amp#27;[0m&amp#27;[32m Рё СЃРѕС…СЂР°РЅСЏСЋ СЂРµР·СѓР»СЊС‚Р°С‚ РєР°Рє &amp#27;[0m&amp#27;[32m&amp#27;[1m"bdd_collections"&amp#27;[0m &amp#27;[90m# com.fca.bdd.AlgorithmComparisonSteps.РІС‹РїРѕР»РЅСЏСЋ_Рё_СЃРѕС…СЂР°РЅСЏСЋ(java.lang.String,java.lang.String)&amp#27;[0m
  &amp#27;[32mРўРѕРіРґР° &amp#27;[0m&amp#27;[32mСЂРµР·СѓР»СЊС‚Р°С‚ &amp#27;[0m&amp#27;[32m&amp#27;[1m"bdd_bitset"&amp#27;[0m&amp#27;[32m СЃРѕРІРїР°РґР°РµС‚ СЃ РїСЂСЏРјС‹Рј Р·Р°РїСѓСЃРєРѕРј BitSet&amp#27;[0m                      &amp#27;[90m# com.fca.bdd.AlgorithmComparisonSteps.СЃРѕРІРїР°РґР°РµС‚_СЃ_unit_bitset(java.lang.String)&amp#27;[0m
  &amp#27;[32mР� &amp#27;[0m&amp#27;[32mСЂРµР·СѓР»СЊС‚Р°С‚ &amp#27;[0m&amp#27;[32m&amp#27;[1m"bdd_collections"&amp#27;[0m&amp#27;[32m СЃРѕРІРїР°РґР°РµС‚ СЃ РїСЂСЏРјС‹Рј Р·Р°РїСѓСЃРєРѕРј Collections&amp#27;[0m                &amp#27;[90m# com.fca.bdd.AlgorithmComparisonSteps.СЃРѕРІРїР°РґР°РµС‚_СЃ_unit_collections(java.lang.String)&amp#27;[0m

╔═══════════════════════════════════════════════════════════════════════╗
║           Сравнение результатов BDD-тестов и Unit-тестов               ║
╠══════════════════════╦════════════════╦════════════════╦═══════════════╣
║ Алгоритм             ║ BDD (мс)       ║ Unit (мс)      ║ Совпадение    ║
╠══════════════════════╬════════════════╬════════════════╬═══════════════╣
║ CbO (Collections)    ║        0,196   ║        0,165   ║ ДА ✓          ║
║ CbO (BitSet)         ║        0,188   ║        0,152   ║ ДА ✓          ║
╚══════════════════════╩════════════════╩════════════════╩═══════════════╝

  &amp#27;[32mР� &amp#27;[0m&amp#27;[32mСЃРІРѕРґРєР° СЃСЂР°РІРЅРµРЅРёСЏ BDD vs Unit РІС‹РІРµРґРµРЅР° РІ Р»РѕРі&amp#27;[0m                                        &amp#27;[90m# com.fca.bdd.AlgorithmComparisonSteps.СЃРІРѕРґРєР°_bdd_vs_unit()&amp#27;[0m
]]></system-out>
  </testcase>
  <testcase name="Предварительный эксперимент — определение максимальных границ" classname="Нагрузочные тесты на сгенерированных данных разного размера и плотности" time="0.277">
    <system-out><![CDATA[
@РЅР°РіСЂСѓР·РѕС‡РЅС‹Р№
РЎС†РµРЅР°СЂРёР№: РџСЂРµРґРІР°СЂРёС‚РµР»СЊРЅС‹Р№ СЌРєСЃРїРµСЂРёРјРµРЅС‚ вЂ” РѕРїСЂРµРґРµР»РµРЅРёРµ РјР°РєСЃРёРјР°Р»СЊРЅС‹С… РіСЂР°РЅРёС†      &amp#27;[90m# src/test/resources/features/algorithm_comparison.feature:71&amp#27;[0m
  &amp#27;[32mР”РѕРїСѓСЃС‚РёРј &amp#27;[0m&amp#27;[32mСЃРёСЃС‚РµРјР° СЃСЂР°РІРЅРµРЅРёСЏ Р°Р»РіРѕСЂРёС‚РјРѕРІ РёРЅРёС†РёР°Р»РёР·РёСЂРѕРІР°РЅР°&amp#27;[0m                     &amp#27;[90m# com.fca.bdd.AlgorithmComparisonSteps.СЃРёСЃС‚РµРјР°_РёРЅРёС†РёР°Р»РёР·РёСЂРѕРІР°РЅР°()&amp#27;[0m
  &amp#27;[32mР”РѕРїСѓСЃС‚РёРј &amp#27;[0m&amp#27;[32mРїРѕРґРіРѕС‚РѕРІР»РµРЅС‹ РґР°С‚Р°СЃРµС‚С‹ РґР»СЏ РїСЂРµРґРІР°СЂРёС‚РµР»СЊРЅРѕРіРѕ СЌРєСЃРїРµСЂРёРјРµРЅС‚Р°:&amp#27;[0m          &amp#27;[90m# com.fca.bdd.AlgorithmComparisonSteps.РїРѕРґРіРѕС‚РѕРІР»РµРЅС‹_РґР°С‚Р°СЃРµС‚С‹_РґР»СЏ_РїСЂРµРґРІР°СЂРёС‚РµР»СЊРЅРѕРіРѕ(io.cucumber.datatable.DataTable)&amp#27;[0m
    | РєРѕРґ   | С„Р°Р№Р»                  |
    | DN-8  | DN-8_8x6_d070.json    |
    | DN-10 | DN-10_10x8_d070.json  |
    | DN-12 | DN-12_12x10_d070.json |
    | DN-14 | DN-14_14x12_d070.json |
    | DN-16 | DN-16_16x13_d070.json |
  &amp#27;[32mРљРѕРіРґР° &amp#27;[0m&amp#27;[32mСЏ РїРѕСЃР»РµРґРѕРІР°С‚РµР»СЊРЅРѕ Р·Р°РїСѓСЃРєР°СЋ РѕР±Р° Р°Р»РіРѕСЂРёС‚РјР° СЃ РґРµС‚Р°Р»СЊРЅС‹Рј РїСЂРѕС„РёР»РёСЂРѕРІР°РЅРёРµРј&amp#27;[0m &amp#27;[90m# com.fca.bdd.AlgorithmComparisonSteps.РїРѕСЃР»РµРґРѕРІР°С‚РµР»СЊРЅРѕ_СЃ_РїСЂРѕС„РёР»РёСЂРѕРІР°РЅРёРµРј()&amp#27;[0m

╔═══════════════════════════════════════════════════════════════════════════════════════════════════════════════════╗
║                         ПРЕДВАРИТЕЛЬНЫЙ ЭКСПЕРИМЕНТ — определение максимальных границ                             ║
╠═══════╦══════╦══════╦═════╦══════════╦════════════╦═════════════════════════╦═════════════════════════╦════════════╣
║ Код   ║ |G|  ║ |M|  ║ d   ║ Понятий  ║ Имплик.   ║  Collections (мс)      ║  BitSet (мс)            ║ Ускорение  ║
║       ║      ║      ║     ║          ║           ║ conc.   impl.   total   ║ conc.   impl.   total   ║   k        ║
╠═══════╬══════╬══════╬═════╬══════════╬════════════╬═════════════════════════╬═════════════════════════╬════════════╣
║ DN-8  ║    8 ║    6 ║ 0,7 ║       32 ║        28 ║     0,6     3,0     3,6 ║     0,4     1,4     1,8 ║     2,04x  ║
║ DN-10 ║   10 ║    8 ║ 0,7 ║       39 ║        74 ║     1,2     1,6     2,8 ║     0,3     1,1     1,3 ║     2,10x  ║
║ DN-12 ║   12 ║   10 ║ 0,7 ║      149 ║       372 ║     1,8     8,2    10,0 ║     1,4     5,6     7,0 ║     1,44x  ║
║ DN-14 ║   14 ║   12 ║ 0,7 ║      261 ║      1022 ║     3,8    13,9    17,7 ║     1,3    13,4    14,7 ║     1,20x  ║
║ DN-16 ║   16 ║   13 ║ 0,7 ║      431 ║      1832 ║     3,0    24,1    27,1 ║     1,2    24,6    25,7 ║     1,05x  ║
╠═══════╩══════╩══════╩═════╩══════════╩════════════╩═════════════════════════╩═════════════════════════╩════════════╣
║                             Дополнительные метрики                                                                 ║
╠═══════╦══════════════════╦═══════════════════╗                                                                     ║
║ Код   ║ Генерация (мс)   ║ Память (МБ)       ║                                                                    ║
╠═══════╬══════════════════╬═══════════════════╣                                                                     ║
║ DN-8  ║          0,000   ║            0,62   ║
║ DN-10 ║          0,000   ║            0,93   ║
║ DN-12 ║          0,000   ║            3,87   ║
║ DN-14 ║          0,000   ║            9,56   ║
║ DN-16 ║          0,000   ║            6,53   ║
╚═══════╩══════════════════╩═══════════════════╝                                                                     

  &amp#27;[32mРўРѕРіРґР° &amp#27;[0m&amp#27;[32mС‚Р°Р±Р»РёС†Р° РїСЂРµРґРІР°СЂРёС‚РµР»СЊРЅРѕРіРѕ СЌРєСЃРїРµСЂРёРјРµРЅС‚Р° РІС‹РІРµРґРµРЅР° РІ Р»РѕРі&amp#27;[0m                 &amp#27;[90m# com.fca.bdd.AlgorithmComparisonSteps.С‚Р°Р±Р»РёС†Р°_РїСЂРµРґРІР°СЂРёС‚РµР»СЊРЅРѕРіРѕ()&amp#27;[0m
┌──────────────────────────────────────────────────────────────────┐
│ Максимальный протестированный размер: DN-16 (16x13, d=0,7)
│ Время Collections: 27,1 мс (0,03 сек)
│ Понятий: 431, Импликаций: 1832
│ Коэффициент роста между последними двумя: 1,53x
│ Оценка: ещё ~20 шагов увеличения до порога 2 минуты
│ Прогнозный «максимальный» размер: ~36x33 @d=0,7
│ (Для достижения порога t₁ ∈ [2,10] мин. увеличивайте размер)
└──────────────────────────────────────────────────────────────────┘

  &amp#27;[32mР� &amp#27;[0m&amp#27;[32mРѕРїСЂРµРґРµР»РµРЅР° РіСЂР°РЅРёС†Р° РјР°РєСЃРёРјР°Р»СЊРЅРѕРіРѕ СЂР°Р·РјРµСЂР°&amp#27;[0m                                 &amp#27;[90m# com.fca.bdd.AlgorithmComparisonSteps.РіСЂР°РЅРёС†Р°_РѕРїСЂРµРґРµР»РµРЅР°()&amp#27;[0m
]]></system-out>
  </testcase>
  <testcase name="Предварительный эксперимент — определение максимальных границ" classname="Нагрузочные тесты на сгенерированных данных разного размера и плотности" time="0.185">
    <system-out><![CDATA[
@РЅР°РіСЂСѓР·РѕС‡РЅС‹Р№
РЎС†РµРЅР°СЂРёР№: РџСЂРµРґРІР°СЂРёС‚РµР»СЊРЅС‹Р№ СЌРєСЃРїРµСЂРёРјРµРЅС‚ вЂ” РѕРїСЂРµРґРµР»РµРЅРёРµ РјР°РєСЃРёРјР°Р»СЊРЅС‹С… РіСЂР°РЅРёС†      &amp#27;[90m# src/test/resources/features/algorithm_comparison.feature:71&amp#27;[0m
  &amp#27;[32mР”РѕРїСѓСЃС‚РёРј &amp#27;[0m&amp#27;[32mСЃРёСЃС‚РµРјР° СЃСЂР°РІРЅРµРЅРёСЏ Р°Р»РіРѕСЂРёС‚РјРѕРІ РёРЅРёС†РёР°Р»РёР·РёСЂРѕРІР°РЅР°&amp#27;[0m                     &amp#27;[90m# com.fca.bdd.AlgorithmComparisonSteps.СЃРёСЃС‚РµРјР°_РёРЅРёС†РёР°Р»РёР·РёСЂРѕРІР°РЅР°()&amp#27;[0m
  &amp#27;[32mР”РѕРїСѓСЃС‚РёРј &amp#27;[0m&amp#27;[32mРїРѕРґРіРѕС‚РѕРІР»РµРЅС‹ РґР°С‚Р°СЃРµС‚С‹ РґР»СЏ РїСЂРµРґРІР°СЂРёС‚РµР»СЊРЅРѕРіРѕ СЌРєСЃРїРµСЂРёРјРµРЅС‚Р°:&amp#27;[0m          &amp#27;[90m# com.fca.bdd.AlgorithmComparisonSteps.РїРѕРґРіРѕС‚РѕРІР»РµРЅС‹_РґР°С‚Р°СЃРµС‚С‹_РґР»СЏ_РїСЂРµРґРІР°СЂРёС‚РµР»СЊРЅРѕРіРѕ(io.cucumber.datatable.DataTable)&amp#27;[0m
    | РєРѕРґ   | С„Р°Р№Р»                  |
    | DN-8  | DN-8_8x6_d070.json    |
    | DN-10 | DN-10_10x8_d070.json  |
    | DN-12 | DN-12_12x10_d070.json |
    | DN-14 | DN-14_14x12_d070.json |
    | DN-16 | DN-16_16x13_d070.json |
  &amp#27;[32mРљРѕРіРґР° &amp#27;[0m&amp#27;[32mСЏ РїРѕСЃР»РµРґРѕРІР°С‚РµР»СЊРЅРѕ Р·Р°РїСѓСЃРєР°СЋ РѕР±Р° Р°Р»РіРѕСЂРёС‚РјР° СЃ РґРµС‚Р°Р»СЊРЅС‹Рј РїСЂРѕС„РёР»РёСЂРѕРІР°РЅРёРµРј&amp#27;[0m &amp#27;[90m# com.fca.bdd.AlgorithmComparisonSteps.РїРѕСЃР»РµРґРѕРІР°С‚РµР»СЊРЅРѕ_СЃ_РїСЂРѕС„РёР»РёСЂРѕРІР°РЅРёРµРј()&amp#27;[0m

╔═══════════════════════════════════════════════════════════════════════════════════════════════════════════════════╗
║                         ПРЕДВАРИТЕЛЬНЫЙ ЭКСПЕРИМЕНТ — определение максимальных границ                             ║
╠═══════╦══════╦══════╦═════╦══════════╦════════════╦═════════════════════════╦═════════════════════════╦════════════╣
║ Код   ║ |G|  ║ |M|  ║ d   ║ Понятий  ║ Имплик.   ║  Collections (мс)      ║  BitSet (мс)            ║ Ускорение  ║
║       ║      ║      ║     ║          ║           ║ conc.   impl.   total   ║ conc.   impl.   total   ║   k        ║
╠═══════╬══════╬══════╬═════╬══════════╬════════════╬═════════════════════════╬═════════════════════════╬════════════╣
║ DN-8  ║    8 ║    6 ║ 0,7 ║       32 ║        28 ║     0,2     0,3     0,5 ║     0,0     0,3     0,3 ║     1,49x  ║
║ DN-10 ║   10 ║    8 ║ 0,7 ║       39 ║        74 ║     0,3     1,6     1,8 ║     0,1     0,8     0,9 ║     2,02x  ║
║ DN-12 ║   12 ║   10 ║ 0,7 ║      149 ║       372 ║     1,0     4,1     5,0 ║     0,3     5,3     5,6 ║     0,90x  ║
║ DN-14 ║   14 ║   12 ║ 0,7 ║      261 ║      1022 ║     2,0     6,8     8,8 ║     0,5     9,4     9,9 ║     0,88x  ║
║ DN-16 ║   16 ║   13 ║ 0,7 ║      431 ║      1832 ║     2,8    17,2    20,0 ║     0,7    17,9    18,6 ║     1,07x  ║
╠═══════╩══════╩══════╩═════╩══════════╩════════════╩═════════════════════════╩═════════════════════════╩════════════╣
║                             Дополнительные метрики                                                                 ║
╠═══════╦══════════════════╦═══════════════════╗                                                                     ║
║ Код   ║ Генерация (мс)   ║ Память (МБ)       ║                                                                    ║
╠═══════╬══════════════════╬═══════════════════╣                                                                     ║
║ DN-8  ║          0,000   ║            0,38   ║
║ DN-10 ║          0,000   ║            0,92   ║
║ DN-12 ║          0,000   ║            3,84   ║
║ DN-14 ║          0,000   ║            9,54   ║
║ DN-16 ║          0,000   ║            6,65   ║
╚═══════╩══════════════════╩═══════════════════╝                                                                     

  &amp#27;[32mРўРѕРіРґР° &amp#27;[0m&amp#27;[32mС‚Р°Р±Р»РёС†Р° РїСЂРµРґРІР°СЂРёС‚РµР»СЊРЅРѕРіРѕ СЌРєСЃРїРµСЂРёРјРµРЅС‚Р° РІС‹РІРµРґРµРЅР° РІ Р»РѕРі&amp#27;[0m                 &amp#27;[90m# com.fca.bdd.AlgorithmComparisonSteps.С‚Р°Р±Р»РёС†Р°_РїСЂРµРґРІР°СЂРёС‚РµР»СЊРЅРѕРіРѕ()&amp#27;[0m
┌──────────────────────────────────────────────────────────────────┐
│ Максимальный протестированный размер: DN-16 (16x13, d=0,7)
│ Время Collections: 20,0 мс (0,02 сек)
│ Понятий: 431, Импликаций: 1832
│ Коэффициент роста между последними двумя: 2,28x
│ Оценка: ещё ~11 шагов увеличения до порога 2 минуты
│ Прогнозный «максимальный» размер: ~27x24 @d=0,7
│ (Для достижения порога t₁ ∈ [2,10] мин. увеличивайте размер)
└──────────────────────────────────────────────────────────────────┘

  &amp#27;[32mР� &amp#27;[0m&amp#27;[32mРѕРїСЂРµРґРµР»РµРЅР° РіСЂР°РЅРёС†Р° РјР°РєСЃРёРјР°Р»СЊРЅРѕРіРѕ СЂР°Р·РјРµСЂР°&amp#27;[0m                                 &amp#27;[90m# com.fca.bdd.AlgorithmComparisonSteps.РіСЂР°РЅРёС†Р°_РѕРїСЂРµРґРµР»РµРЅР°()&amp#27;[0m
]]></system-out>
  </testcase>
  <testcase name="Производительность на разреженных контекстах малого размера (SP-S)" classname="Нагрузочные тесты на сгенерированных данных разного размера и плотности" time="0.033">
    <system-out><![CDATA[
@РЅР°РіСЂСѓР·РѕС‡РЅС‹Р№
РЎС†РµРЅР°СЂРёР№: РџСЂРѕРёР·РІРѕРґРёС‚РµР»СЊРЅРѕСЃС‚СЊ РЅР° СЂР°Р·СЂРµР¶РµРЅРЅС‹С… РєРѕРЅС‚РµРєСЃС‚Р°С… РјР°Р»РѕРіРѕ СЂР°Р·РјРµСЂР° (SP-S) &amp#27;[90m# src/test/resources/features/algorithm_comparison.feature:84&amp#27;[0m
  &amp#27;[32mР”РѕРїСѓСЃС‚РёРј &amp#27;[0m&amp#27;[32mСЃРёСЃС‚РµРјР° СЃСЂР°РІРЅРµРЅРёСЏ Р°Р»РіРѕСЂРёС‚РјРѕРІ РёРЅРёС†РёР°Р»РёР·РёСЂРѕРІР°РЅР°&amp#27;[0m                     &amp#27;[90m# com.fca.bdd.AlgorithmComparisonSteps.СЃРёСЃС‚РµРјР°_РёРЅРёС†РёР°Р»РёР·РёСЂРѕРІР°РЅР°()&amp#27;[0m
[ДАТАСЕТ] Загружен: SP-S_10x8_d020.json (10×8)
  &amp#27;[32mР”РѕРїСѓСЃС‚РёРј &amp#27;[0m&amp#27;[32mР·Р°РіСЂСѓР¶РµРЅ РґР°С‚Р°СЃРµС‚ &amp#27;[0m&amp#27;[32m&amp#27;[1m"SP-S_10x8_d020.json"&amp#27;[0m                            &amp#27;[90m# com.fca.bdd.AlgorithmComparisonSteps.Р·Р°РіСЂСѓР¶РµРЅ_РґР°С‚Р°СЃРµС‚(java.lang.String)&amp#27;[0m
  &amp#27;[32mРљРѕРіРґР° &amp#27;[0m&amp#27;[32mСЏ Р·Р°РїСѓСЃРєР°СЋ СЃСЂР°РІРЅРµРЅРёРµ РґРІСѓС… СЂРµР°Р»РёР·Р°С†РёР№ CbO СЃ РґРµС‚Р°Р»СЊРЅС‹Рј РїСЂРѕС„РёР»РёСЂРѕРІР°РЅРёРµРј&amp#27;[0m &amp#27;[90m# com.fca.bdd.AlgorithmComparisonSteps.Р·Р°РїСѓСЃРєР°СЋ_СЃСЂР°РІРЅРµРЅРёРµ_СЃ_РїСЂРѕС„РёР»РёСЂРѕРІР°РЅРёРµРј()&amp#27;[0m
  &amp#27;[32mРўРѕРіРґР° &amp#27;[0m&amp#27;[32mРјРЅРѕР¶РµСЃС‚РІР° РЅР°Р№РґРµРЅРЅС‹С… РїРѕРЅСЏС‚РёР№ СЃРѕРІРїР°РґР°СЋС‚&amp#27;[0m                                &amp#27;[90m# com.fca.bdd.AlgorithmComparisonSteps.РїРѕРЅСЏС‚РёСЏ_СЃРѕРІРїР°РґР°СЋС‚()&amp#27;[0m
  &amp#27;[32mР� &amp#27;[0m&amp#27;[32mРјРЅРѕР¶РµСЃС‚РІР° РЅР°Р№РґРµРЅРЅС‹С… РёРјРїР»РёРєР°С†РёР№ СЃРѕРІРїР°РґР°СЋС‚&amp#27;[0m                                 &amp#27;[90m# com.fca.bdd.AlgorithmComparisonSteps.РёРјРїР»РёРєР°С†РёРё_СЃРѕРІРїР°РґР°СЋС‚()&amp#27;[0m

┌───────────────────────────────────────────────────────────────────┐
│ Контекст: 10 × 8, плотность: 13%
│ Найдено понятий: 8, импликаций: 36
├───────────────────────────────────────────────────────────────────┤
│ Генерация данных:                 0,000 мс
├───────────────────────────────────────────────────────────────────┤
│ Collections — понятия:            0,142 мс
│ Collections — импликации:         0,423 мс
│ Collections — итого:              0,565 мс
├───────────────────────────────────────────────────────────────────┤
│ BitSet — понятия:                 0,099 мс
│ BitSet — импликации:              0,295 мс
│ BitSet — итого:                   0,394 мс
├───────────────────────────────────────────────────────────────────┤
│ Ускорение BitSet (k):              1,43x
│ Потребление памяти:                0,30 МБ
│ Понятия совпадают:         ДА ✓        
│ Импликации совпадают:      ДА ✓        
└───────────────────────────────────────────────────────────────────┘

  &amp#27;[32mР� &amp#27;[0m&amp#27;[32mРґРµС‚Р°Р»СЊРЅС‹Р№ РїСЂРѕС„РёР»СЊ РІС‹РІРµРґРµРЅ РІ Р»РѕРі&amp#27;[0m                                          &amp#27;[90m# com.fca.bdd.AlgorithmComparisonSteps.РґРµС‚Р°Р»СЊРЅС‹Р№_РїСЂРѕС„РёР»СЊ_РІС‹РІРµРґРµРЅ()&amp#27;[0m
]]></system-out>
  </testcase>
  <testcase name="Производительность на разреженных контекстах малого размера (SP-S)" classname="Нагрузочные тесты на сгенерированных данных разного размера и плотности" time="0.028">
    <system-out><![CDATA[
@РЅР°РіСЂСѓР·РѕС‡РЅС‹Р№
РЎС†РµРЅР°СЂРёР№: РџСЂРѕРёР·РІРѕРґРёС‚РµР»СЊРЅРѕСЃС‚СЊ РЅР° СЂР°Р·СЂРµР¶РµРЅРЅС‹С… РєРѕРЅС‚РµРєСЃС‚Р°С… РјР°Р»РѕРіРѕ СЂР°Р·РјРµСЂР° (SP-S) &amp#27;[90m# src/test/resources/features/algorithm_comparison.feature:84&amp#27;[0m
  &amp#27;[32mР”РѕРїСѓСЃС‚РёРј &amp#27;[0m&amp#27;[32mСЃРёСЃС‚РµРјР° СЃСЂР°РІРЅРµРЅРёСЏ Р°Р»РіРѕСЂРёС‚РјРѕРІ РёРЅРёС†РёР°Р»РёР·РёСЂРѕРІР°РЅР°&amp#27;[0m                     &amp#27;[90m# com.fca.bdd.AlgorithmComparisonSteps.СЃРёСЃС‚РµРјР°_РёРЅРёС†РёР°Р»РёР·РёСЂРѕРІР°РЅР°()&amp#27;[0m
[ДАТАСЕТ] Загружен: SP-S_10x8_d020.json (10×8)
  &amp#27;[32mР”РѕРїСѓСЃС‚РёРј &amp#27;[0m&amp#27;[32mР·Р°РіСЂСѓР¶РµРЅ РґР°С‚Р°СЃРµС‚ &amp#27;[0m&amp#27;[32m&amp#27;[1m"SP-S_10x8_d020.json"&amp#27;[0m                            &amp#27;[90m# com.fca.bdd.AlgorithmComparisonSteps.Р·Р°РіСЂСѓР¶РµРЅ_РґР°С‚Р°СЃРµС‚(java.lang.String)&amp#27;[0m
  &amp#27;[32mРљРѕРіРґР° &amp#27;[0m&amp#27;[32mСЏ Р·Р°РїСѓСЃРєР°СЋ СЃСЂР°РІРЅРµРЅРёРµ РґРІСѓС… СЂРµР°Р»РёР·Р°С†РёР№ CbO СЃ РґРµС‚Р°Р»СЊРЅС‹Рј РїСЂРѕС„РёР»РёСЂРѕРІР°РЅРёРµРј&amp#27;[0m &amp#27;[90m# com.fca.bdd.AlgorithmComparisonSteps.Р·Р°РїСѓСЃРєР°СЋ_СЃСЂР°РІРЅРµРЅРёРµ_СЃ_РїСЂРѕС„РёР»РёСЂРѕРІР°РЅРёРµРј()&amp#27;[0m
  &amp#27;[32mРўРѕРіРґР° &amp#27;[0m&amp#27;[32mРјРЅРѕР¶РµСЃС‚РІР° РЅР°Р№РґРµРЅРЅС‹С… РїРѕРЅСЏС‚РёР№ СЃРѕРІРїР°РґР°СЋС‚&amp#27;[0m                                &amp#27;[90m# com.fca.bdd.AlgorithmComparisonSteps.РїРѕРЅСЏС‚РёСЏ_СЃРѕРІРїР°РґР°СЋС‚()&amp#27;[0m
  &amp#27;[32mР� &amp#27;[0m&amp#27;[32mРјРЅРѕР¶РµСЃС‚РІР° РЅР°Р№РґРµРЅРЅС‹С… РёРјРїР»РёРєР°С†РёР№ СЃРѕРІРїР°РґР°СЋС‚&amp#27;[0m                                 &amp#27;[90m# com.fca.bdd.AlgorithmComparisonSteps.РёРјРїР»РёРєР°С†РёРё_СЃРѕРІРїР°РґР°СЋС‚()&amp#27;[0m

┌───────────────────────────────────────────────────────────────────┐
│ Контекст: 10 × 8, плотность: 13%
│ Найдено понятий: 8, импликаций: 36
├───────────────────────────────────────────────────────────────────┤
│ Генерация данных:                 0,000 мс
├───────────────────────────────────────────────────────────────────┤
│ Collections — понятия:            0,102 мс
│ Collections — импликации:         0,418 мс
│ Collections — итого:              0,520 мс
├───────────────────────────────────────────────────────────────────┤
│ BitSet — понятия:                 0,106 мс
│ BitSet — импликации:              0,131 мс
│ BitSet — итого:                   0,237 мс
├───────────────────────────────────────────────────────────────────┤
│ Ускорение BitSet (k):              2,19x
│ Потребление памяти:                0,29 МБ
│ Понятия совпадают:         ДА ✓        
│ Импликации совпадают:      ДА ✓        
└───────────────────────────────────────────────────────────────────┘

  &amp#27;[32mР� &amp#27;[0m&amp#27;[32mРґРµС‚Р°Р»СЊРЅС‹Р№ РїСЂРѕС„РёР»СЊ РІС‹РІРµРґРµРЅ РІ Р»РѕРі&amp#27;[0m                                          &amp#27;[90m# com.fca.bdd.AlgorithmComparisonSteps.РґРµС‚Р°Р»СЊРЅС‹Р№_РїСЂРѕС„РёР»СЊ_РІС‹РІРµРґРµРЅ()&amp#27;[0m
]]></system-out>
  </testcase>
  <testcase name="Производительность на разреженных контекстах большого размера (SP-L)" classname="Нагрузочные тесты на сгенерированных данных разного размера и плотности" time="0.033">
    <system-out><![CDATA[
@РЅР°РіСЂСѓР·РѕС‡РЅС‹Р№
РЎС†РµРЅР°СЂРёР№: РџСЂРѕРёР·РІРѕРґРёС‚РµР»СЊРЅРѕСЃС‚СЊ РЅР° СЂР°Р·СЂРµР¶РµРЅРЅС‹С… РєРѕРЅС‚РµРєСЃС‚Р°С… Р±РѕР»СЊС€РѕРіРѕ СЂР°Р·РјРµСЂР° (SP-L) &amp#27;[90m# src/test/resources/features/algorithm_comparison.feature:92&amp#27;[0m
  &amp#27;[32mР”РѕРїСѓСЃС‚РёРј &amp#27;[0m&amp#27;[32mСЃРёСЃС‚РµРјР° СЃСЂР°РІРЅРµРЅРёСЏ Р°Р»РіРѕСЂРёС‚РјРѕРІ РёРЅРёС†РёР°Р»РёР·РёСЂРѕРІР°РЅР°&amp#27;[0m                       &amp#27;[90m# com.fca.bdd.AlgorithmComparisonSteps.СЃРёСЃС‚РµРјР°_РёРЅРёС†РёР°Р»РёР·РёСЂРѕРІР°РЅР°()&amp#27;[0m
[ДАТАСЕТ] Загружен: SP-L_18x14_d020.json (18×14)
  &amp#27;[32mР”РѕРїСѓСЃС‚РёРј &amp#27;[0m&amp#27;[32mР·Р°РіСЂСѓР¶РµРЅ РґР°С‚Р°СЃРµС‚ &amp#27;[0m&amp#27;[32m&amp#27;[1m"SP-L_18x14_d020.json"&amp#27;[0m                             &amp#27;[90m# com.fca.bdd.AlgorithmComparisonSteps.Р·Р°РіСЂСѓР¶РµРЅ_РґР°С‚Р°СЃРµС‚(java.lang.String)&amp#27;[0m
  &amp#27;[32mРљРѕРіРґР° &amp#27;[0m&amp#27;[32mСЏ Р·Р°РїСѓСЃРєР°СЋ СЃСЂР°РІРЅРµРЅРёРµ РґРІСѓС… СЂРµР°Р»РёР·Р°С†РёР№ CbO СЃ РґРµС‚Р°Р»СЊРЅС‹Рј РїСЂРѕС„РёР»РёСЂРѕРІР°РЅРёРµРј&amp#27;[0m   &amp#27;[90m# com.fca.bdd.AlgorithmComparisonSteps.Р·Р°РїСѓСЃРєР°СЋ_СЃСЂР°РІРЅРµРЅРёРµ_СЃ_РїСЂРѕС„РёР»РёСЂРѕРІР°РЅРёРµРј()&amp#27;[0m
  &amp#27;[32mРўРѕРіРґР° &amp#27;[0m&amp#27;[32mРјРЅРѕР¶РµСЃС‚РІР° РЅР°Р№РґРµРЅРЅС‹С… РїРѕРЅСЏС‚РёР№ СЃРѕРІРїР°РґР°СЋС‚&amp#27;[0m                                  &amp#27;[90m# com.fca.bdd.AlgorithmComparisonSteps.РїРѕРЅСЏС‚РёСЏ_СЃРѕРІРїР°РґР°СЋС‚()&amp#27;[0m
  &amp#27;[32mР� &amp#27;[0m&amp#27;[32mРјРЅРѕР¶РµСЃС‚РІР° РЅР°Р№РґРµРЅРЅС‹С… РёРјРїР»РёРєР°С†РёР№ СЃРѕРІРїР°РґР°СЋС‚&amp#27;[0m                                   &amp#27;[90m# com.fca.bdd.AlgorithmComparisonSteps.РёРјРїР»РёРєР°С†РёРё_СЃРѕРІРїР°РґР°СЋС‚()&amp#27;[0m

┌───────────────────────────────────────────────────────────────────┐
│ Контекст: 18 × 14, плотность: 15%
│ Найдено понятий: 27, импликаций: 242
├───────────────────────────────────────────────────────────────────┤
│ Генерация данных:                 0,000 мс
├───────────────────────────────────────────────────────────────────┤
│ Collections — понятия:            0,559 мс
│ Collections — импликации:         1,841 мс
│ Collections — итого:              2,399 мс
├───────────────────────────────────────────────────────────────────┤
│ BitSet — понятия:                 0,123 мс
│ BitSet — импликации:              0,987 мс
│ BitSet — итого:                   1,110 мс
├───────────────────────────────────────────────────────────────────┤
│ Ускорение BitSet (k):              2,16x
│ Потребление памяти:                2,30 МБ
│ Понятия совпадают:         ДА ✓        
│ Импликации совпадают:      ДА ✓        
└───────────────────────────────────────────────────────────────────┘

  &amp#27;[32mР� &amp#27;[0m&amp#27;[32mРґРµС‚Р°Р»СЊРЅС‹Р№ РїСЂРѕС„РёР»СЊ РІС‹РІРµРґРµРЅ РІ Р»РѕРі&amp#27;[0m                                            &amp#27;[90m# com.fca.bdd.AlgorithmComparisonSteps.РґРµС‚Р°Р»СЊРЅС‹Р№_РїСЂРѕС„РёР»СЊ_РІС‹РІРµРґРµРЅ()&amp#27;[0m
]]></system-out>
  </testcase>
  <testcase name="Производительность на разреженных контекстах большого размера (SP-L)" classname="Нагрузочные тесты на сгенерированных данных разного размера и плотности" time="0.028">
    <system-out><![CDATA[
@РЅР°РіСЂСѓР·РѕС‡РЅС‹Р№
РЎС†РµРЅР°СЂРёР№: РџСЂРѕРёР·РІРѕРґРёС‚РµР»СЊРЅРѕСЃС‚СЊ РЅР° СЂР°Р·СЂРµР¶РµРЅРЅС‹С… РєРѕРЅС‚РµРєСЃС‚Р°С… Р±РѕР»СЊС€РѕРіРѕ СЂР°Р·РјРµСЂР° (SP-L) &amp#27;[90m# src/test/resources/features/algorithm_comparison.feature:92&amp#27;[0m
  &amp#27;[32mР”РѕРїСѓСЃС‚РёРј &amp#27;[0m&amp#27;[32mСЃРёСЃС‚РµРјР° СЃСЂР°РІРЅРµРЅРёСЏ Р°Р»РіРѕСЂРёС‚РјРѕРІ РёРЅРёС†РёР°Р»РёР·РёСЂРѕРІР°РЅР°&amp#27;[0m                       &amp#27;[90m# com.fca.bdd.AlgorithmComparisonSteps.СЃРёСЃС‚РµРјР°_РёРЅРёС†РёР°Р»РёР·РёСЂРѕРІР°РЅР°()&amp#27;[0m
[ДАТАСЕТ] Загружен: SP-L_18x14_d020.json (18×14)
  &amp#27;[32mР”РѕРїСѓСЃС‚РёРј &amp#27;[0m&amp#27;[32mР·Р°РіСЂСѓР¶РµРЅ РґР°С‚Р°СЃРµС‚ &amp#27;[0m&amp#27;[32m&amp#27;[1m"SP-L_18x14_d020.json"&amp#27;[0m                             &amp#27;[90m# com.fca.bdd.AlgorithmComparisonSteps.Р·Р°РіСЂСѓР¶РµРЅ_РґР°С‚Р°СЃРµС‚(java.lang.String)&amp#27;[0m
  &amp#27;[32mРљРѕРіРґР° &amp#27;[0m&amp#27;[32mСЏ Р·Р°РїСѓСЃРєР°СЋ СЃСЂР°РІРЅРµРЅРёРµ РґРІСѓС… СЂРµР°Р»РёР·Р°С†РёР№ CbO СЃ РґРµС‚Р°Р»СЊРЅС‹Рј РїСЂРѕС„РёР»РёСЂРѕРІР°РЅРёРµРј&amp#27;[0m   &amp#27;[90m# com.fca.bdd.AlgorithmComparisonSteps.Р·Р°РїСѓСЃРєР°СЋ_СЃСЂР°РІРЅРµРЅРёРµ_СЃ_РїСЂРѕС„РёР»РёСЂРѕРІР°РЅРёРµРј()&amp#27;[0m
  &amp#27;[32mРўРѕРіРґР° &amp#27;[0m&amp#27;[32mРјРЅРѕР¶РµСЃС‚РІР° РЅР°Р№РґРµРЅРЅС‹С… РїРѕРЅСЏС‚РёР№ СЃРѕРІРїР°РґР°СЋС‚&amp#27;[0m                                  &amp#27;[90m# com.fca.bdd.AlgorithmComparisonSteps.РїРѕРЅСЏС‚РёСЏ_СЃРѕРІРїР°РґР°СЋС‚()&amp#27;[0m
  &amp#27;[32mР� &amp#27;[0m&amp#27;[32mРјРЅРѕР¶РµСЃС‚РІР° РЅР°Р№РґРµРЅРЅС‹С… РёРјРїР»РёРєР°С†РёР№ СЃРѕРІРїР°РґР°СЋС‚&amp#27;[0m                                   &amp#27;[90m# com.fca.bdd.AlgorithmComparisonSteps.РёРјРїР»РёРєР°С†РёРё_СЃРѕРІРїР°РґР°СЋС‚()&amp#27;[0m

┌───────────────────────────────────────────────────────────────────┐
│ Контекст: 18 × 14, плотность: 15%
│ Найдено понятий: 27, импликаций: 242
├───────────────────────────────────────────────────────────────────┤
│ Генерация данных:                 0,000 мс
├───────────────────────────────────────────────────────────────────┤
│ Collections — понятия:            0,257 мс
│ Collections — импликации:         0,883 мс
│ Collections — итого:              1,140 мс
├───────────────────────────────────────────────────────────────────┤
│ BitSet — понятия:                 0,106 мс
│ BitSet — импликации:              1,052 мс
│ BitSet — итого:                   1,158 мс
├───────────────────────────────────────────────────────────────────┤
│ Ускорение BitSet (k):              0,98x
│ Потребление памяти:                2,29 МБ
│ Понятия совпадают:         ДА ✓        
│ Импликации совпадают:      ДА ✓        
└───────────────────────────────────────────────────────────────────┘

  &amp#27;[32mР� &amp#27;[0m&amp#27;[32mРґРµС‚Р°Р»СЊРЅС‹Р№ РїСЂРѕС„РёР»СЊ РІС‹РІРµРґРµРЅ РІ Р»РѕРі&amp#27;[0m                                            &amp#27;[90m# com.fca.bdd.AlgorithmComparisonSteps.РґРµС‚Р°Р»СЊРЅС‹Р№_РїСЂРѕС„РёР»СЊ_РІС‹РІРµРґРµРЅ()&amp#27;[0m
]]></system-out>
  </testcase>
  <testcase name="Производительность на плотных контекстах малого размера (DN-S)" classname="Нагрузочные тесты на сгенерированных данных разного размера и плотности" time="0.036">
    <system-out><![CDATA[
@РЅР°РіСЂСѓР·РѕС‡РЅС‹Р№
РЎС†РµРЅР°СЂРёР№: РџСЂРѕРёР·РІРѕРґРёС‚РµР»СЊРЅРѕСЃС‚СЊ РЅР° РїР»РѕС‚РЅС‹С… РєРѕРЅС‚РµРєСЃС‚Р°С… РјР°Р»РѕРіРѕ СЂР°Р·РјРµСЂР° (DN-S)     &amp#27;[90m# src/test/resources/features/algorithm_comparison.feature:100&amp#27;[0m
  &amp#27;[32mР”РѕРїСѓСЃС‚РёРј &amp#27;[0m&amp#27;[32mСЃРёСЃС‚РµРјР° СЃСЂР°РІРЅРµРЅРёСЏ Р°Р»РіРѕСЂРёС‚РјРѕРІ РёРЅРёС†РёР°Р»РёР·РёСЂРѕРІР°РЅР°&amp#27;[0m                     &amp#27;[90m# com.fca.bdd.AlgorithmComparisonSteps.СЃРёСЃС‚РµРјР°_РёРЅРёС†РёР°Р»РёР·РёСЂРѕРІР°РЅР°()&amp#27;[0m
[ДАТАСЕТ] Загружен: DN-S_8x6_d070.json (8×6)
  &amp#27;[32mР”РѕРїСѓСЃС‚РёРј &amp#27;[0m&amp#27;[32mР·Р°РіСЂСѓР¶РµРЅ РґР°С‚Р°СЃРµС‚ &amp#27;[0m&amp#27;[32m&amp#27;[1m"DN-S_8x6_d070.json"&amp#27;[0m                             &amp#27;[90m# com.fca.bdd.AlgorithmComparisonSteps.Р·Р°РіСЂСѓР¶РµРЅ_РґР°С‚Р°СЃРµС‚(java.lang.String)&amp#27;[0m
  &amp#27;[32mРљРѕРіРґР° &amp#27;[0m&amp#27;[32mСЏ Р·Р°РїСѓСЃРєР°СЋ СЃСЂР°РІРЅРµРЅРёРµ РґРІСѓС… СЂРµР°Р»РёР·Р°С†РёР№ CbO СЃ РґРµС‚Р°Р»СЊРЅС‹Рј РїСЂРѕС„РёР»РёСЂРѕРІР°РЅРёРµРј&amp#27;[0m &amp#27;[90m# com.fca.bdd.AlgorithmComparisonSteps.Р·Р°РїСѓСЃРєР°СЋ_СЃСЂР°РІРЅРµРЅРёРµ_СЃ_РїСЂРѕС„РёР»РёСЂРѕРІР°РЅРёРµРј()&amp#27;[0m
  &amp#27;[32mРўРѕРіРґР° &amp#27;[0m&amp#27;[32mРјРЅРѕР¶РµСЃС‚РІР° РЅР°Р№РґРµРЅРЅС‹С… РїРѕРЅСЏС‚РёР№ СЃРѕРІРїР°РґР°СЋС‚&amp#27;[0m                                &amp#27;[90m# com.fca.bdd.AlgorithmComparisonSteps.РїРѕРЅСЏС‚РёСЏ_СЃРѕРІРїР°РґР°СЋС‚()&amp#27;[0m
  &amp#27;[32mР� &amp#27;[0m&amp#27;[32mРјРЅРѕР¶РµСЃС‚РІР° РЅР°Р№РґРµРЅРЅС‹С… РёРјРїР»РёРєР°С†РёР№ СЃРѕРІРїР°РґР°СЋС‚&amp#27;[0m                                 &amp#27;[90m# com.fca.bdd.AlgorithmComparisonSteps.РёРјРїР»РёРєР°С†РёРё_СЃРѕРІРїР°РґР°СЋС‚()&amp#27;[0m

┌───────────────────────────────────────────────────────────────────┐
│ Контекст: 8 × 6, плотность: 69%
│ Найдено понятий: 32, импликаций: 28
├───────────────────────────────────────────────────────────────────┤
│ Генерация данных:                 0,000 мс
├───────────────────────────────────────────────────────────────────┤
│ Collections — понятия:            0,259 мс
│ Collections — импликации:         0,369 мс
│ Collections — итого:              0,628 мс
├───────────────────────────────────────────────────────────────────┤
│ BitSet — понятия:                 0,073 мс
│ BitSet — импликации:              0,225 мс
│ BitSet — итого:                   0,298 мс
├───────────────────────────────────────────────────────────────────┤
│ Ускорение BitSet (k):              2,11x
│ Потребление памяти:                0,59 МБ
│ Понятия совпадают:         ДА ✓        
│ Импликации совпадают:      ДА ✓        
└───────────────────────────────────────────────────────────────────┘

  &amp#27;[32mР� &amp#27;[0m&amp#27;[32mРґРµС‚Р°Р»СЊРЅС‹Р№ РїСЂРѕС„РёР»СЊ РІС‹РІРµРґРµРЅ РІ Р»РѕРі&amp#27;[0m                                          &amp#27;[90m# com.fca.bdd.AlgorithmComparisonSteps.РґРµС‚Р°Р»СЊРЅС‹Р№_РїСЂРѕС„РёР»СЊ_РІС‹РІРµРґРµРЅ()&amp#27;[0m
]]></system-out>
  </testcase>
  <testcase name="Производительность на плотных контекстах малого размера (DN-S)" classname="Нагрузочные тесты на сгенерированных данных разного размера и плотности" time="0.026">
    <system-out><![CDATA[
@РЅР°РіСЂСѓР·РѕС‡РЅС‹Р№
РЎС†РµРЅР°СЂРёР№: РџСЂРѕРёР·РІРѕРґРёС‚РµР»СЊРЅРѕСЃС‚СЊ РЅР° РїР»РѕС‚РЅС‹С… РєРѕРЅС‚РµРєСЃС‚Р°С… РјР°Р»РѕРіРѕ СЂР°Р·РјРµСЂР° (DN-S)     &amp#27;[90m# src/test/resources/features/algorithm_comparison.feature:100&amp#27;[0m
  &amp#27;[32mР”РѕРїСѓСЃС‚РёРј &amp#27;[0m&amp#27;[32mСЃРёСЃС‚РµРјР° СЃСЂР°РІРЅРµРЅРёСЏ Р°Р»РіРѕСЂРёС‚РјРѕРІ РёРЅРёС†РёР°Р»РёР·РёСЂРѕРІР°РЅР°&amp#27;[0m                     &amp#27;[90m# com.fca.bdd.AlgorithmComparisonSteps.СЃРёСЃС‚РµРјР°_РёРЅРёС†РёР°Р»РёР·РёСЂРѕРІР°РЅР°()&amp#27;[0m
[ДАТАСЕТ] Загружен: DN-S_8x6_d070.json (8×6)
  &amp#27;[32mР”РѕРїСѓСЃС‚РёРј &amp#27;[0m&amp#27;[32mР·Р°РіСЂСѓР¶РµРЅ РґР°С‚Р°СЃРµС‚ &amp#27;[0m&amp#27;[32m&amp#27;[1m"DN-S_8x6_d070.json"&amp#27;[0m                             &amp#27;[90m# com.fca.bdd.AlgorithmComparisonSteps.Р·Р°РіСЂСѓР¶РµРЅ_РґР°С‚Р°СЃРµС‚(java.lang.String)&amp#27;[0m
  &amp#27;[32mРљРѕРіРґР° &amp#27;[0m&amp#27;[32mСЏ Р·Р°РїСѓСЃРєР°СЋ СЃСЂР°РІРЅРµРЅРёРµ РґРІСѓС… СЂРµР°Р»РёР·Р°С†РёР№ CbO СЃ РґРµС‚Р°Р»СЊРЅС‹Рј РїСЂРѕС„РёР»РёСЂРѕРІР°РЅРёРµРј&amp#27;[0m &amp#27;[90m# com.fca.bdd.AlgorithmComparisonSteps.Р·Р°РїСѓСЃРєР°СЋ_СЃСЂР°РІРЅРµРЅРёРµ_СЃ_РїСЂРѕС„РёР»РёСЂРѕРІР°РЅРёРµРј()&amp#27;[0m
  &amp#27;[32mРўРѕРіРґР° &amp#27;[0m&amp#27;[32mРјРЅРѕР¶РµСЃС‚РІР° РЅР°Р№РґРµРЅРЅС‹С… РїРѕРЅСЏС‚РёР№ СЃРѕРІРїР°РґР°СЋС‚&amp#27;[0m                                &amp#27;[90m# com.fca.bdd.AlgorithmComparisonSteps.РїРѕРЅСЏС‚РёСЏ_СЃРѕРІРїР°РґР°СЋС‚()&amp#27;[0m
  &amp#27;[32mР� &amp#27;[0m&amp#27;[32mРјРЅРѕР¶РµСЃС‚РІР° РЅР°Р№РґРµРЅРЅС‹С… РёРјРїР»РёРєР°С†РёР№ СЃРѕРІРїР°РґР°СЋС‚&amp#27;[0m                                 &amp#27;[90m# com.fca.bdd.AlgorithmComparisonSteps.РёРјРїР»РёРєР°С†РёРё_СЃРѕРІРїР°РґР°СЋС‚()&amp#27;[0m

┌───────────────────────────────────────────────────────────────────┐
│ Контекст: 8 × 6, плотность: 69%
│ Найдено понятий: 32, импликаций: 28
├───────────────────────────────────────────────────────────────────┤
│ Генерация данных:                 0,000 мс
├───────────────────────────────────────────────────────────────────┤
│ Collections — понятия:            0,118 мс
│ Collections — импликации:         0,162 мс
│ Collections — итого:              0,281 мс
├───────────────────────────────────────────────────────────────────┤
│ BitSet — понятия:                 0,058 мс
│ BitSet — импликации:              0,125 мс
│ BitSet — итого:                   0,183 мс
├───────────────────────────────────────────────────────────────────┤
│ Ускорение BitSet (k):              1,53x
│ Потребление памяти:                0,58 МБ
│ Понятия совпадают:         ДА ✓        
│ Импликации совпадают:      ДА ✓        
└───────────────────────────────────────────────────────────────────┘

  &amp#27;[32mР� &amp#27;[0m&amp#27;[32mРґРµС‚Р°Р»СЊРЅС‹Р№ РїСЂРѕС„РёР»СЊ РІС‹РІРµРґРµРЅ РІ Р»РѕРі&amp#27;[0m                                          &amp#27;[90m# com.fca.bdd.AlgorithmComparisonSteps.РґРµС‚Р°Р»СЊРЅС‹Р№_РїСЂРѕС„РёР»СЊ_РІС‹РІРµРґРµРЅ()&amp#27;[0m
]]></system-out>
  </testcase>
  <testcase name="Производительность на плотных контекстах большого размера (DN-L)" classname="Нагрузочные тесты на сгенерированных данных разного размера и плотности" time="0.048">
    <system-out><![CDATA[
@РЅР°РіСЂСѓР·РѕС‡РЅС‹Р№
РЎС†РµРЅР°СЂРёР№: РџСЂРѕРёР·РІРѕРґРёС‚РµР»СЊРЅРѕСЃС‚СЊ РЅР° РїР»РѕС‚РЅС‹С… РєРѕРЅС‚РµРєСЃС‚Р°С… Р±РѕР»СЊС€РѕРіРѕ СЂР°Р·РјРµСЂР° (DN-L)           &amp#27;[90m# src/test/resources/features/algorithm_comparison.feature:108&amp#27;[0m
  &amp#27;[32mР”РѕРїСѓСЃС‚РёРј &amp#27;[0m&amp#27;[32mСЃРёСЃС‚РµРјР° СЃСЂР°РІРЅРµРЅРёСЏ Р°Р»РіРѕСЂРёС‚РјРѕРІ РёРЅРёС†РёР°Р»РёР·РёСЂРѕРІР°РЅР°&amp#27;[0m                             &amp#27;[90m# com.fca.bdd.AlgorithmComparisonSteps.СЃРёСЃС‚РµРјР°_РёРЅРёС†РёР°Р»РёР·РёСЂРѕРІР°РЅР°()&amp#27;[0m
[ДАТАСЕТ] Загружен: DN-L_14x12_d070.json (14×12)
  &amp#27;[32mР”РѕРїСѓСЃС‚РёРј &amp#27;[0m&amp#27;[32mР·Р°РіСЂСѓР¶РµРЅ РґР°С‚Р°СЃРµС‚ &amp#27;[0m&amp#27;[32m&amp#27;[1m"DN-L_14x12_d070.json"&amp#27;[0m                                   &amp#27;[90m# com.fca.bdd.AlgorithmComparisonSteps.Р·Р°РіСЂСѓР¶РµРЅ_РґР°С‚Р°СЃРµС‚(java.lang.String)&amp#27;[0m
  &amp#27;[32mРљРѕРіРґР° &amp#27;[0m&amp#27;[32mСЏ Р·Р°РїСѓСЃРєР°СЋ СЃСЂР°РІРЅРµРЅРёРµ РґРІСѓС… СЂРµР°Р»РёР·Р°С†РёР№ CbO СЃ РґРµС‚Р°Р»СЊРЅС‹Рј РїСЂРѕС„РёР»РёСЂРѕРІР°РЅРёРµРј&amp#27;[0m         &amp#27;[90m# com.fca.bdd.AlgorithmComparisonSteps.Р·Р°РїСѓСЃРєР°СЋ_СЃСЂР°РІРЅРµРЅРёРµ_СЃ_РїСЂРѕС„РёР»РёСЂРѕРІР°РЅРёРµРј()&amp#27;[0m
  &amp#27;[32mРўРѕРіРґР° &amp#27;[0m&amp#27;[32mРјРЅРѕР¶РµСЃС‚РІР° РЅР°Р№РґРµРЅРЅС‹С… РїРѕРЅСЏС‚РёР№ СЃРѕРІРїР°РґР°СЋС‚&amp#27;[0m                                        &amp#27;[90m# com.fca.bdd.AlgorithmComparisonSteps.РїРѕРЅСЏС‚РёСЏ_СЃРѕРІРїР°РґР°СЋС‚()&amp#27;[0m
  &amp#27;[32mР� &amp#27;[0m&amp#27;[32mРјРЅРѕР¶РµСЃС‚РІР° РЅР°Р№РґРµРЅРЅС‹С… РёРјРїР»РёРєР°С†РёР№ СЃРѕРІРїР°РґР°СЋС‚&amp#27;[0m                                         &amp#27;[90m# com.fca.bdd.AlgorithmComparisonSteps.РёРјРїР»РёРєР°С†РёРё_СЃРѕРІРїР°РґР°СЋС‚()&amp#27;[0m

┌───────────────────────────────────────────────────────────────────┐
│ Контекст: 14 × 12, плотность: 69%
│ Найдено понятий: 261, импликаций: 1022
├───────────────────────────────────────────────────────────────────┤
│ Генерация данных:                 0,000 мс
├───────────────────────────────────────────────────────────────────┤
│ Collections — понятия:            2,125 мс
│ Collections — импликации:         7,811 мс
│ Collections — итого:              9,937 мс
├───────────────────────────────────────────────────────────────────┤
│ BitSet — понятия:                 0,512 мс
│ BitSet — импликации:              7,243 мс
│ BitSet — итого:                   7,755 мс
├───────────────────────────────────────────────────────────────────┤
│ Ускорение BitSet (k):              1,28x
│ Потребление памяти:                9,47 МБ
│ Понятия совпадают:         ДА ✓        
│ Импликации совпадают:      ДА ✓        
└───────────────────────────────────────────────────────────────────┘

  &amp#27;[32mР� &amp#27;[0m&amp#27;[32mРґРµС‚Р°Р»СЊРЅС‹Р№ РїСЂРѕС„РёР»СЊ РІС‹РІРµРґРµРЅ РІ Р»РѕРі&amp#27;[0m                                                  &amp#27;[90m# com.fca.bdd.AlgorithmComparisonSteps.РґРµС‚Р°Р»СЊРЅС‹Р№_РїСЂРѕС„РёР»СЊ_РІС‹РІРµРґРµРЅ()&amp#27;[0m
  &amp#27;[32mР� &amp#27;[0m&amp#27;[32mBitSet-СЂРµР°Р»РёР·Р°С†РёСЏ СЂР°Р±РѕС‚Р°РµС‚ РЅРµ РјРµРґР»РµРЅРЅРµРµ Collections-СЂРµР°Р»РёР·Р°С†РёРё РЅР° Р±РѕР»СЊС€РёС… РґР°РЅРЅС‹С…&amp#27;[0m &amp#27;[90m# com.fca.bdd.AlgorithmComparisonSteps.bitset_РЅРµ_РјРµРґР»РµРЅРЅРµРµ()&amp#27;[0m
]]></system-out>
  </testcase>
  <testcase name="Производительность на плотных контекстах большого размера (DN-L)" classname="Нагрузочные тесты на сгенерированных данных разного размера и плотности" time="0.043">
    <system-out><![CDATA[
@РЅР°РіСЂСѓР·РѕС‡РЅС‹Р№
РЎС†РµРЅР°СЂРёР№: РџСЂРѕРёР·РІРѕРґРёС‚РµР»СЊРЅРѕСЃС‚СЊ РЅР° РїР»РѕС‚РЅС‹С… РєРѕРЅС‚РµРєСЃС‚Р°С… Р±РѕР»СЊС€РѕРіРѕ СЂР°Р·РјРµСЂР° (DN-L)           &amp#27;[90m# src/test/resources/features/algorithm_comparison.feature:108&amp#27;[0m
  &amp#27;[32mР”РѕРїСѓСЃС‚РёРј &amp#27;[0m&amp#27;[32mСЃРёСЃС‚РµРјР° СЃСЂР°РІРЅРµРЅРёСЏ Р°Р»РіРѕСЂРёС‚РјРѕРІ РёРЅРёС†РёР°Р»РёР·РёСЂРѕРІР°РЅР°&amp#27;[0m                             &amp#27;[90m# com.fca.bdd.AlgorithmComparisonSteps.СЃРёСЃС‚РµРјР°_РёРЅРёС†РёР°Р»РёР·РёСЂРѕРІР°РЅР°()&amp#27;[0m
[ДАТАСЕТ] Загружен: DN-L_14x12_d070.json (14×12)
  &amp#27;[32mР”РѕРїСѓСЃС‚РёРј &amp#27;[0m&amp#27;[32mР·Р°РіСЂСѓР¶РµРЅ РґР°С‚Р°СЃРµС‚ &amp#27;[0m&amp#27;[32m&amp#27;[1m"DN-L_14x12_d070.json"&amp#27;[0m                                   &amp#27;[90m# com.fca.bdd.AlgorithmComparisonSteps.Р·Р°РіСЂСѓР¶РµРЅ_РґР°С‚Р°СЃРµС‚(java.lang.String)&amp#27;[0m
  &amp#27;[32mРљРѕРіРґР° &amp#27;[0m&amp#27;[32mСЏ Р·Р°РїСѓСЃРєР°СЋ СЃСЂР°РІРЅРµРЅРёРµ РґРІСѓС… СЂРµР°Р»РёР·Р°С†РёР№ CbO СЃ РґРµС‚Р°Р»СЊРЅС‹Рј РїСЂРѕС„РёР»РёСЂРѕРІР°РЅРёРµРј&amp#27;[0m         &amp#27;[90m# com.fca.bdd.AlgorithmComparisonSteps.Р·Р°РїСѓСЃРєР°СЋ_СЃСЂР°РІРЅРµРЅРёРµ_СЃ_РїСЂРѕС„РёР»РёСЂРѕРІР°РЅРёРµРј()&amp#27;[0m
  &amp#27;[32mРўРѕРіРґР° &amp#27;[0m&amp#27;[32mРјРЅРѕР¶РµСЃС‚РІР° РЅР°Р№РґРµРЅРЅС‹С… РїРѕРЅСЏС‚РёР№ СЃРѕРІРїР°РґР°СЋС‚&amp#27;[0m                                        &amp#27;[90m# com.fca.bdd.AlgorithmComparisonSteps.РїРѕРЅСЏС‚РёСЏ_СЃРѕРІРїР°РґР°СЋС‚()&amp#27;[0m
  &amp#27;[32mР� &amp#27;[0m&amp#27;[32mРјРЅРѕР¶РµСЃС‚РІР° РЅР°Р№РґРµРЅРЅС‹С… РёРјРїР»РёРєР°С†РёР№ СЃРѕРІРїР°РґР°СЋС‚&amp#27;[0m                                         &amp#27;[90m# com.fca.bdd.AlgorithmComparisonSteps.РёРјРїР»РёРєР°С†РёРё_СЃРѕРІРїР°РґР°СЋС‚()&amp#27;[0m

┌───────────────────────────────────────────────────────────────────┐
│ Контекст: 14 × 12, плотность: 69%
│ Найдено понятий: 261, импликаций: 1022
├───────────────────────────────────────────────────────────────────┤
│ Генерация данных:                 0,000 мс
├───────────────────────────────────────────────────────────────────┤
│ Collections — понятия:            1,659 мс
│ Collections — импликации:         6,270 мс
│ Collections — итого:              7,929 мс
├───────────────────────────────────────────────────────────────────┤
│ BitSet — понятия:                 0,620 мс
│ BitSet — импликации:              6,417 мс
│ BitSet — итого:                   7,037 мс
├───────────────────────────────────────────────────────────────────┤
│ Ускорение BitSet (k):              1,13x
│ Потребление памяти:                9,46 МБ
│ Понятия совпадают:         ДА ✓        
│ Импликации совпадают:      ДА ✓        
└───────────────────────────────────────────────────────────────────┘

  &amp#27;[32mР� &amp#27;[0m&amp#27;[32mРґРµС‚Р°Р»СЊРЅС‹Р№ РїСЂРѕС„РёР»СЊ РІС‹РІРµРґРµРЅ РІ Р»РѕРі&amp#27;[0m                                                  &amp#27;[90m# com.fca.bdd.AlgorithmComparisonSteps.РґРµС‚Р°Р»СЊРЅС‹Р№_РїСЂРѕС„РёР»СЊ_РІС‹РІРµРґРµРЅ()&amp#27;[0m
  &amp#27;[32mР� &amp#27;[0m&amp#27;[32mBitSet-СЂРµР°Р»РёР·Р°С†РёСЏ СЂР°Р±РѕС‚Р°РµС‚ РЅРµ РјРµРґР»РµРЅРЅРµРµ Collections-СЂРµР°Р»РёР·Р°С†РёРё РЅР° Р±РѕР»СЊС€РёС… РґР°РЅРЅС‹С…&amp#27;[0m &amp#27;[90m# com.fca.bdd.AlgorithmComparisonSteps.bitset_РЅРµ_РјРµРґР»РµРЅРЅРµРµ()&amp#27;[0m
]]></system-out>
  </testcase>
  <testcase name="Сводный профиль производительности при увеличении нагрузки" classname="Нагрузочные тесты на сгенерированных данных разного размера и плотности" time="0.039">
    <system-out><![CDATA[
@РЅР°РіСЂСѓР·РѕС‡РЅС‹Р№
РЎС†РµРЅР°СЂРёР№: РЎРІРѕРґРЅС‹Р№ РїСЂРѕС„РёР»СЊ РїСЂРѕРёР·РІРѕРґРёС‚РµР»СЊРЅРѕСЃС‚Рё РїСЂРё СѓРІРµР»РёС‡РµРЅРёРё РЅР°РіСЂСѓР·РєРё &amp#27;[90m# src/test/resources/features/algorithm_comparison.feature:117&amp#27;[0m
  &amp#27;[32mР”РѕРїСѓСЃС‚РёРј &amp#27;[0m&amp#27;[32mСЃРёСЃС‚РµРјР° СЃСЂР°РІРЅРµРЅРёСЏ Р°Р»РіРѕСЂРёС‚РјРѕРІ РёРЅРёС†РёР°Р»РёР·РёСЂРѕРІР°РЅР°&amp#27;[0m             &amp#27;[90m# com.fca.bdd.AlgorithmComparisonSteps.СЃРёСЃС‚РµРјР°_РёРЅРёС†РёР°Р»РёР·РёСЂРѕРІР°РЅР°()&amp#27;[0m
  &amp#27;[32mР”РѕРїСѓСЃС‚РёРј &amp#27;[0m&amp#27;[32mРїРѕРґРіРѕС‚РѕРІР»РµРЅС‹ РґР°С‚Р°СЃРµС‚С‹ РІРѕР·СЂР°СЃС‚Р°СЋС‰РµРіРѕ СЂР°Р·РјРµСЂР°:&amp#27;[0m              &amp#27;[90m# com.fca.bdd.AlgorithmComparisonSteps.РїРѕРґРіРѕС‚РѕРІР»РµРЅС‹_РґР°С‚Р°СЃРµС‚С‹_РІРѕР·СЂР°СЃС‚Р°СЋС‰РµРіРѕ(io.cucumber.datatable.DataTable)&amp#27;[0m
    | С„Р°Р№Р»                  |
    | MD-6_6x5_d050.json    |
    | MD-10_10x8_d050.json  |
    | MD-14_14x10_d050.json |
    | MD-16_16x12_d050.json |
  &amp#27;[32mРљРѕРіРґР° &amp#27;[0m&amp#27;[32mСЏ РїРѕСЃР»РµРґРѕРІР°С‚РµР»СЊРЅРѕ Р·Р°РїСѓСЃРєР°СЋ РѕР±Р° Р°Р»РіРѕСЂРёС‚РјР° РЅР° РєР°Р¶РґРѕРј РєРѕРЅС‚РµРєСЃС‚Рµ&amp#27;[0m &amp#27;[90m# com.fca.bdd.AlgorithmComparisonSteps.РїРѕСЃР»РµРґРѕРІР°С‚РµР»СЊРЅРѕ_Р·Р°РїСѓСЃРєР°СЋ()&amp#27;[0m
  &amp#27;[32mРўРѕРіРґР° &amp#27;[0m&amp#27;[32mРґР»СЏ РєР°Р¶РґРѕРіРѕ РєРѕРЅС‚РµРєСЃС‚Р° РјРЅРѕР¶РµСЃС‚РІР° РїРѕРЅСЏС‚РёР№ СЃРѕРІРїР°РґР°СЋС‚&amp#27;[0m            &amp#27;[90m# com.fca.bdd.AlgorithmComparisonSteps.РґР»СЏ_РєР°Р¶РґРѕРіРѕ_РїРѕРЅСЏС‚РёСЏ_СЃРѕРІРїР°РґР°СЋС‚()&amp#27;[0m

╔══════════════════════════════════════════════════════════════════════════════════════╗
║              Результаты профилирования производительности CbO                      ║
╠══════╦══════╦═════════╦══════════╦════════════╦══════════════╦═══════════╦══════════╣
║ Obj  ║ Attr ║ Density ║ Concepts ║ Implic.   ║ Collect.(мс) ║ BitS.(мс) ║ Speedup ║
╠══════╬══════╬═════════╬══════════╬════════════╬══════════════╬═══════════╬══════════╣
║    6 ║    5 ║  0,4    ║       10 ║         16 ║        0,153 ║     0,048 ║    3,20x ║
║   10 ║    8 ║  0,5    ║       42 ║        110 ║        0,204 ║     0,080 ║    2,56x ║
║   14 ║   10 ║  0,5    ║       73 ║        288 ║        0,372 ║     0,163 ║    2,29x ║
║   16 ║   12 ║  0,5    ║      115 ║        613 ║        3,306 ║     0,302 ║   10,95x ║
╚══════╩══════╩═════════╩══════════╩════════════╩══════════════╩═══════════╩══════════╝

  &amp#27;[32mР� &amp#27;[0m&amp#27;[32mС‚Р°Р±Р»РёС†Р° СЂРµР·СѓР»СЊС‚Р°С‚РѕРІ РїСЂРѕС„РёР»РёСЂРѕРІР°РЅРёСЏ РІС‹РІРµРґРµРЅР° РІ Р»РѕРі&amp#27;[0m                &amp#27;[90m# com.fca.bdd.AlgorithmComparisonSteps.С‚Р°Р±Р»РёС†Р°_РїСЂРѕС„РёР»РёСЂРѕРІР°РЅРёСЏ()&amp#27;[0m
]]></system-out>
  </testcase>
  <testcase name="Сводный профиль производительности при увеличении нагрузки" classname="Нагрузочные тесты на сгенерированных данных разного размера и плотности" time="0.026">
    <system-out><![CDATA[
@РЅР°РіСЂСѓР·РѕС‡РЅС‹Р№
РЎС†РµРЅР°СЂРёР№: РЎРІРѕРґРЅС‹Р№ РїСЂРѕС„РёР»СЊ РїСЂРѕРёР·РІРѕРґРёС‚РµР»СЊРЅРѕСЃС‚Рё РїСЂРё СѓРІРµР»РёС‡РµРЅРёРё РЅР°РіСЂСѓР·РєРё &amp#27;[90m# src/test/resources/features/algorithm_comparison.feature:117&amp#27;[0m
  &amp#27;[32mР”РѕРїСѓСЃС‚РёРј &amp#27;[0m&amp#27;[32mСЃРёСЃС‚РµРјР° СЃСЂР°РІРЅРµРЅРёСЏ Р°Р»РіРѕСЂРёС‚РјРѕРІ РёРЅРёС†РёР°Р»РёР·РёСЂРѕРІР°РЅР°&amp#27;[0m             &amp#27;[90m# com.fca.bdd.AlgorithmComparisonSteps.СЃРёСЃС‚РµРјР°_РёРЅРёС†РёР°Р»РёР·РёСЂРѕРІР°РЅР°()&amp#27;[0m
  &amp#27;[32mР”РѕРїСѓСЃС‚РёРј &amp#27;[0m&amp#27;[32mРїРѕРґРіРѕС‚РѕРІР»РµРЅС‹ РґР°С‚Р°СЃРµС‚С‹ РІРѕР·СЂР°СЃС‚Р°СЋС‰РµРіРѕ СЂР°Р·РјРµСЂР°:&amp#27;[0m              &amp#27;[90m# com.fca.bdd.AlgorithmComparisonSteps.РїРѕРґРіРѕС‚РѕРІР»РµРЅС‹_РґР°С‚Р°СЃРµС‚С‹_РІРѕР·СЂР°СЃС‚Р°СЋС‰РµРіРѕ(io.cucumber.datatable.DataTable)&amp#27;[0m
    | С„Р°Р№Р»                  |
    | MD-6_6x5_d050.json    |
    | MD-10_10x8_d050.json  |
    | MD-14_14x10_d050.json |
    | MD-16_16x12_d050.json |
  &amp#27;[32mРљРѕРіРґР° &amp#27;[0m&amp#27;[32mСЏ РїРѕСЃР»РµРґРѕРІР°С‚РµР»СЊРЅРѕ Р·Р°РїСѓСЃРєР°СЋ РѕР±Р° Р°Р»РіРѕСЂРёС‚РјР° РЅР° РєР°Р¶РґРѕРј РєРѕРЅС‚РµРєСЃС‚Рµ&amp#27;[0m &amp#27;[90m# com.fca.bdd.AlgorithmComparisonSteps.РїРѕСЃР»РµРґРѕРІР°С‚РµР»СЊРЅРѕ_Р·Р°РїСѓСЃРєР°СЋ()&amp#27;[0m
  &amp#27;[32mРўРѕРіРґР° &amp#27;[0m&amp#27;[32mРґР»СЏ РєР°Р¶РґРѕРіРѕ РєРѕРЅС‚РµРєСЃС‚Р° РјРЅРѕР¶РµСЃС‚РІР° РїРѕРЅСЏС‚РёР№ СЃРѕРІРїР°РґР°СЋС‚&amp#27;[0m            &amp#27;[90m# com.fca.bdd.AlgorithmComparisonSteps.РґР»СЏ_РєР°Р¶РґРѕРіРѕ_РїРѕРЅСЏС‚РёСЏ_СЃРѕРІРїР°РґР°СЋС‚()&amp#27;[0m

╔══════════════════════════════════════════════════════════════════════════════════════╗
║              Результаты профилирования производительности CbO                      ║
╠══════╦══════╦═════════╦══════════╦════════════╦══════════════╦═══════════╦══════════╣
║ Obj  ║ Attr ║ Density ║ Concepts ║ Implic.   ║ Collect.(мс) ║ BitS.(мс) ║ Speedup ║
╠══════╬══════╬═════════╬══════════╬════════════╬══════════════╬═══════════╬══════════╣
║    6 ║    5 ║  0,4    ║       10 ║         16 ║        0,079 ║     0,028 ║    2,78x ║
║   10 ║    8 ║  0,5    ║       42 ║        110 ║        0,145 ║     0,075 ║    1,92x ║
║   14 ║   10 ║  0,5    ║       73 ║        288 ║        0,365 ║     0,141 ║    2,58x ║
║   16 ║   12 ║  0,5    ║      115 ║        613 ║        0,648 ║     0,550 ║    1,18x ║
╚══════╩══════╩═════════╩══════════╩════════════╩══════════════╩═══════════╩══════════╝

  &amp#27;[32mР� &amp#27;[0m&amp#27;[32mС‚Р°Р±Р»РёС†Р° СЂРµР·СѓР»СЊС‚Р°С‚РѕРІ РїСЂРѕС„РёР»РёСЂРѕРІР°РЅРёСЏ РІС‹РІРµРґРµРЅР° РІ Р»РѕРі&amp#27;[0m                &amp#27;[90m# com.fca.bdd.AlgorithmComparisonSteps.С‚Р°Р±Р»РёС†Р°_РїСЂРѕС„РёР»РёСЂРѕРІР°РЅРёСЏ()&amp#27;[0m
]]></system-out>
  </testcase>
  <testcase name="Example #1.1" classname="Примеры" time="0.015">
    <system-out><![CDATA[
РЎС‚СЂСѓРєС‚СѓСЂР° СЃС†РµРЅР°СЂРёСЏ: Р’С‹С‡РёСЃР»РµРЅРёРµ РїРѕРЅСЏС‚РёР№ РґР»СЏ РєРѕРЅС‚РµРєСЃС‚РѕРІ СЂР°Р·Р»РёС‡РЅРѕРіРѕ С‚РёРїР° &amp#27;[90m# src/test/resources/features/concept_computation.feature:21&amp#27;[0m
  &amp#27;[32mР”РѕРїСѓСЃС‚РёРј &amp#27;[0m&amp#27;[32mСЃРёСЃС‚РµРјР° Р°РЅР°Р»РёР·Р° С„РѕСЂРјР°Р»СЊРЅС‹С… РїРѕРЅСЏС‚РёР№ РёРЅРёС†РёР°Р»РёР·РёСЂРѕРІР°РЅР°&amp#27;[0m        &amp#27;[90m# com.fca.bdd.ConceptComputationSteps.СЃРёСЃС‚РµРјР°_РёРЅРёС†РёР°Р»РёР·РёСЂРѕРІР°РЅР°()&amp#27;[0m
  &amp#27;[32mР”РѕРїСѓСЃС‚РёРј &amp#27;[0m&amp#27;[32mР·Р°РґР°РЅ С„РѕСЂРјР°Р»СЊРЅС‹Р№ РєРѕРЅС‚РµРєСЃС‚ С‚РёРїР° &amp#27;[0m&amp#27;[32m&amp#27;[1m"РґРёР°РіРѕРЅР°Р»СЊРЅС‹Р№"&amp#27;[0m&amp#27;[32m СЂР°Р·РјРµСЂРѕРј &amp#27;[0m&amp#27;[32m&amp#27;[1m4&amp#27;[0m&amp#27;[32mx&amp#27;[0m&amp#27;[32m&amp#27;[1m4&amp#27;[0m &amp#27;[90m# com.fca.bdd.ConceptComputationSteps.Р·Р°РґР°РЅ_РєРѕРЅС‚РµРєСЃС‚_С‚РёРїР°(java.lang.String,int,int)&amp#27;[0m
  &amp#27;[32mРљРѕРіРґР° &amp#27;[0m&amp#27;[32mСЏ Р·Р°РїСѓСЃРєР°СЋ Р°Р»РіРѕСЂРёС‚Рј &amp#27;[0m&amp#27;[32m&amp#27;[1m"CbO (BitSet)"&amp#27;[0m                            &amp#27;[90m# com.fca.bdd.ConceptComputationSteps.Р·Р°РїСѓСЃРєР°СЋ_Р°Р»РіРѕСЂРёС‚Рј(java.lang.String)&amp#27;[0m
  &amp#27;[32mРўРѕРіРґР° &amp#27;[0m&amp#27;[32mРЅР°Р№РґРµРЅРѕ РЅРµ РјРµРЅРµРµ &amp#27;[0m&amp#27;[32m&amp#27;[1m5&amp#27;[0m&amp#27;[32m С„РѕСЂРјР°Р»СЊРЅС‹С… РїРѕРЅСЏС‚РёР№&amp#27;[0m                         &amp#27;[90m# com.fca.bdd.ConceptComputationSteps.РЅР°Р№РґРµРЅРѕ_РЅРµ_РјРµРЅРµРµ_РїРѕРЅСЏС‚РёР№(int)&amp#27;[0m
  &amp#27;[32mР� &amp#27;[0m&amp#27;[32mРєР°Р¶РґРѕРµ РїРѕРЅСЏС‚РёРµ СѓРґРѕРІР»РµС‚РІРѕСЂСЏРµС‚ СЃРІРѕР№СЃС‚РІСѓ Р·Р°РјРєРЅСѓС‚РѕСЃС‚Рё&amp#27;[0m                 &amp#27;[90m# com.fca.bdd.ConceptComputationSteps.РїРѕРЅСЏС‚РёСЏ_Р·Р°РјРєРЅСѓС‚С‹()&amp#27;[0m
]]></system-out>
  </testcase>
  <testcase name="Example #1.1" classname="Примеры" time="0.005">
    <system-out><![CDATA[
РЎС‚СЂСѓРєС‚СѓСЂР° СЃС†РµРЅР°СЂРёСЏ: Р’С‹С‡РёСЃР»РµРЅРёРµ РїРѕРЅСЏС‚РёР№ РґР»СЏ РєРѕРЅС‚РµРєСЃС‚РѕРІ СЂР°Р·Р»РёС‡РЅРѕРіРѕ С‚РёРїР° &amp#27;[90m# src/test/resources/features/concept_computation.feature:21&amp#27;[0m
  &amp#27;[32mР”РѕРїСѓСЃС‚РёРј &amp#27;[0m&amp#27;[32mСЃРёСЃС‚РµРјР° Р°РЅР°Р»РёР·Р° С„РѕСЂРјР°Р»СЊРЅС‹С… РїРѕРЅСЏС‚РёР№ РёРЅРёС†РёР°Р»РёР·РёСЂРѕРІР°РЅР°&amp#27;[0m        &amp#27;[90m# com.fca.bdd.ConceptComputationSteps.СЃРёСЃС‚РµРјР°_РёРЅРёС†РёР°Р»РёР·РёСЂРѕРІР°РЅР°()&amp#27;[0m
  &amp#27;[32mР”РѕРїСѓСЃС‚РёРј &amp#27;[0m&amp#27;[32mР·Р°РґР°РЅ С„РѕСЂРјР°Р»СЊРЅС‹Р№ РєРѕРЅС‚РµРєСЃС‚ С‚РёРїР° &amp#27;[0m&amp#27;[32m&amp#27;[1m"РґРёР°РіРѕРЅР°Р»СЊРЅС‹Р№"&amp#27;[0m&amp#27;[32m СЂР°Р·РјРµСЂРѕРј &amp#27;[0m&amp#27;[32m&amp#27;[1m4&amp#27;[0m&amp#27;[32mx&amp#27;[0m&amp#27;[32m&amp#27;[1m4&amp#27;[0m &amp#27;[90m# com.fca.bdd.ConceptComputationSteps.Р·Р°РґР°РЅ_РєРѕРЅС‚РµРєСЃС‚_С‚РёРїР°(java.lang.String,int,int)&amp#27;[0m
  &amp#27;[32mРљРѕРіРґР° &amp#27;[0m&amp#27;[32mСЏ Р·Р°РїСѓСЃРєР°СЋ Р°Р»РіРѕСЂРёС‚Рј &amp#27;[0m&amp#27;[32m&amp#27;[1m"CbO (BitSet)"&amp#27;[0m                            &amp#27;[90m# com.fca.bdd.ConceptComputationSteps.Р·Р°РїСѓСЃРєР°СЋ_Р°Р»РіРѕСЂРёС‚Рј(java.lang.String)&amp#27;[0m
  &amp#27;[32mРўРѕРіРґР° &amp#27;[0m&amp#27;[32mРЅР°Р№РґРµРЅРѕ РЅРµ РјРµРЅРµРµ &amp#27;[0m&amp#27;[32m&amp#27;[1m5&amp#27;[0m&amp#27;[32m С„РѕСЂРјР°Р»СЊРЅС‹С… РїРѕРЅСЏС‚РёР№&amp#27;[0m                         &amp#27;[90m# com.fca.bdd.ConceptComputationSteps.РЅР°Р№РґРµРЅРѕ_РЅРµ_РјРµРЅРµРµ_РїРѕРЅСЏС‚РёР№(int)&amp#27;[0m
  &amp#27;[32mР� &amp#27;[0m&amp#27;[32mРєР°Р¶РґРѕРµ РїРѕРЅСЏС‚РёРµ СѓРґРѕРІР»РµС‚РІРѕСЂСЏРµС‚ СЃРІРѕР№СЃС‚РІСѓ Р·Р°РјРєРЅСѓС‚РѕСЃС‚Рё&amp#27;[0m                 &amp#27;[90m# com.fca.bdd.ConceptComputationSteps.РїРѕРЅСЏС‚РёСЏ_Р·Р°РјРєРЅСѓС‚С‹()&amp#27;[0m
]]></system-out>
  </testcase>
  <testcase name="Example #1.2" classname="Примеры" time="0.007">
    <system-out><![CDATA[
РЎС‚СЂСѓРєС‚СѓСЂР° СЃС†РµРЅР°СЂРёСЏ: Р’С‹С‡РёСЃР»РµРЅРёРµ РїРѕРЅСЏС‚РёР№ РґР»СЏ РєРѕРЅС‚РµРєСЃС‚РѕРІ СЂР°Р·Р»РёС‡РЅРѕРіРѕ С‚РёРїР° &amp#27;[90m# src/test/resources/features/concept_computation.feature:22&amp#27;[0m
  &amp#27;[32mР”РѕРїСѓСЃС‚РёРј &amp#27;[0m&amp#27;[32mСЃРёСЃС‚РµРјР° Р°РЅР°Р»РёР·Р° С„РѕСЂРјР°Р»СЊРЅС‹С… РїРѕРЅСЏС‚РёР№ РёРЅРёС†РёР°Р»РёР·РёСЂРѕРІР°РЅР°&amp#27;[0m        &amp#27;[90m# com.fca.bdd.ConceptComputationSteps.СЃРёСЃС‚РµРјР°_РёРЅРёС†РёР°Р»РёР·РёСЂРѕРІР°РЅР°()&amp#27;[0m
  &amp#27;[32mР”РѕРїСѓСЃС‚РёРј &amp#27;[0m&amp#27;[32mР·Р°РґР°РЅ С„РѕСЂРјР°Р»СЊРЅС‹Р№ РєРѕРЅС‚РµРєСЃС‚ С‚РёРїР° &amp#27;[0m&amp#27;[32m&amp#27;[1m"РїРѕР»РЅС‹Р№"&amp#27;[0m&amp#27;[32m СЂР°Р·РјРµСЂРѕРј &amp#27;[0m&amp#27;[32m&amp#27;[1m3&amp#27;[0m&amp#27;[32mx&amp#27;[0m&amp#27;[32m&amp#27;[1m3&amp#27;[0m       &amp#27;[90m# com.fca.bdd.ConceptComputationSteps.Р·Р°РґР°РЅ_РєРѕРЅС‚РµРєСЃС‚_С‚РёРїР°(java.lang.String,int,int)&amp#27;[0m
  &amp#27;[32mРљРѕРіРґР° &amp#27;[0m&amp#27;[32mСЏ Р·Р°РїСѓСЃРєР°СЋ Р°Р»РіРѕСЂРёС‚Рј &amp#27;[0m&amp#27;[32m&amp#27;[1m"CbO (BitSet)"&amp#27;[0m                            &amp#27;[90m# com.fca.bdd.ConceptComputationSteps.Р·Р°РїСѓСЃРєР°СЋ_Р°Р»РіРѕСЂРёС‚Рј(java.lang.String)&amp#27;[0m
  &amp#27;[32mРўРѕРіРґР° &amp#27;[0m&amp#27;[32mРЅР°Р№РґРµРЅРѕ РЅРµ РјРµРЅРµРµ &amp#27;[0m&amp#27;[32m&amp#27;[1m1&amp#27;[0m&amp#27;[32m С„РѕСЂРјР°Р»СЊРЅС‹С… РїРѕРЅСЏС‚РёР№&amp#27;[0m                         &amp#27;[90m# com.fca.bdd.ConceptComputationSteps.РЅР°Р№РґРµРЅРѕ_РЅРµ_РјРµРЅРµРµ_РїРѕРЅСЏС‚РёР№(int)&amp#27;[0m
  &amp#27;[32mР� &amp#27;[0m&amp#27;[32mРєР°Р¶РґРѕРµ РїРѕРЅСЏС‚РёРµ СѓРґРѕРІР»РµС‚РІРѕСЂСЏРµС‚ СЃРІРѕР№СЃС‚РІСѓ Р·Р°РјРєРЅСѓС‚РѕСЃС‚Рё&amp#27;[0m                 &amp#27;[90m# com.fca.bdd.ConceptComputationSteps.РїРѕРЅСЏС‚РёСЏ_Р·Р°РјРєРЅСѓС‚С‹()&amp#27;[0m
]]></system-out>
  </testcase>
  <testcase name="Example #1.2" classname="Примеры" time="0.004">
    <system-out><![CDATA[
РЎС‚СЂСѓРєС‚СѓСЂР° СЃС†РµРЅР°СЂРёСЏ: Р’С‹С‡РёСЃР»РµРЅРёРµ РїРѕРЅСЏС‚РёР№ РґР»СЏ РєРѕРЅС‚РµРєСЃС‚РѕРІ СЂР°Р·Р»РёС‡РЅРѕРіРѕ С‚РёРїР° &amp#27;[90m# src/test/resources/features/concept_computation.feature:22&amp#27;[0m
  &amp#27;[32mР”РѕРїСѓСЃС‚РёРј &amp#27;[0m&amp#27;[32mСЃРёСЃС‚РµРјР° Р°РЅР°Р»РёР·Р° С„РѕСЂРјР°Р»СЊРЅС‹С… РїРѕРЅСЏС‚РёР№ РёРЅРёС†РёР°Р»РёР·РёСЂРѕРІР°РЅР°&amp#27;[0m        &amp#27;[90m# com.fca.bdd.ConceptComputationSteps.СЃРёСЃС‚РµРјР°_РёРЅРёС†РёР°Р»РёР·РёСЂРѕРІР°РЅР°()&amp#27;[0m
  &amp#27;[32mР”РѕРїСѓСЃС‚РёРј &amp#27;[0m&amp#27;[32mР·Р°РґР°РЅ С„РѕСЂРјР°Р»СЊРЅС‹Р№ РєРѕРЅС‚РµРєСЃС‚ С‚РёРїР° &amp#27;[0m&amp#27;[32m&amp#27;[1m"РїРѕР»РЅС‹Р№"&amp#27;[0m&amp#27;[32m СЂР°Р·РјРµСЂРѕРј &amp#27;[0m&amp#27;[32m&amp#27;[1m3&amp#27;[0m&amp#27;[32mx&amp#27;[0m&amp#27;[32m&amp#27;[1m3&amp#27;[0m       &amp#27;[90m# com.fca.bdd.ConceptComputationSteps.Р·Р°РґР°РЅ_РєРѕРЅС‚РµРєСЃС‚_С‚РёРїР°(java.lang.String,int,int)&amp#27;[0m
  &amp#27;[32mРљРѕРіРґР° &amp#27;[0m&amp#27;[32mСЏ Р·Р°РїСѓСЃРєР°СЋ Р°Р»РіРѕСЂРёС‚Рј &amp#27;[0m&amp#27;[32m&amp#27;[1m"CbO (BitSet)"&amp#27;[0m                            &amp#27;[90m# com.fca.bdd.ConceptComputationSteps.Р·Р°РїСѓСЃРєР°СЋ_Р°Р»РіРѕСЂРёС‚Рј(java.lang.String)&amp#27;[0m
  &amp#27;[32mРўРѕРіРґР° &amp#27;[0m&amp#27;[32mРЅР°Р№РґРµРЅРѕ РЅРµ РјРµРЅРµРµ &amp#27;[0m&amp#27;[32m&amp#27;[1m1&amp#27;[0m&amp#27;[32m С„РѕСЂРјР°Р»СЊРЅС‹С… РїРѕРЅСЏС‚РёР№&amp#27;[0m                         &amp#27;[90m# com.fca.bdd.ConceptComputationSteps.РЅР°Р№РґРµРЅРѕ_РЅРµ_РјРµРЅРµРµ_РїРѕРЅСЏС‚РёР№(int)&amp#27;[0m
  &amp#27;[32mР� &amp#27;[0m&amp#27;[32mРєР°Р¶РґРѕРµ РїРѕРЅСЏС‚РёРµ СѓРґРѕРІР»РµС‚РІРѕСЂСЏРµС‚ СЃРІРѕР№СЃС‚РІСѓ Р·Р°РјРєРЅСѓС‚РѕСЃС‚Рё&amp#27;[0m                 &amp#27;[90m# com.fca.bdd.ConceptComputationSteps.РїРѕРЅСЏС‚РёСЏ_Р·Р°РјРєРЅСѓС‚С‹()&amp#27;[0m
]]></system-out>
  </testcase>
  <testcase name="Example #1.3" classname="Примеры" time="0.007">
    <system-out><![CDATA[
РЎС‚СЂСѓРєС‚СѓСЂР° СЃС†РµРЅР°СЂРёСЏ: Р’С‹С‡РёСЃР»РµРЅРёРµ РїРѕРЅСЏС‚РёР№ РґР»СЏ РєРѕРЅС‚РµРєСЃС‚РѕРІ СЂР°Р·Р»РёС‡РЅРѕРіРѕ С‚РёРїР° &amp#27;[90m# src/test/resources/features/concept_computation.feature:23&amp#27;[0m
  &amp#27;[32mР”РѕРїСѓСЃС‚РёРј &amp#27;[0m&amp#27;[32mСЃРёСЃС‚РµРјР° Р°РЅР°Р»РёР·Р° С„РѕСЂРјР°Р»СЊРЅС‹С… РїРѕРЅСЏС‚РёР№ РёРЅРёС†РёР°Р»РёР·РёСЂРѕРІР°РЅР°&amp#27;[0m        &amp#27;[90m# com.fca.bdd.ConceptComputationSteps.СЃРёСЃС‚РµРјР°_РёРЅРёС†РёР°Р»РёР·РёСЂРѕРІР°РЅР°()&amp#27;[0m
  &amp#27;[32mР”РѕРїСѓСЃС‚РёРј &amp#27;[0m&amp#27;[32mР·Р°РґР°РЅ С„РѕСЂРјР°Р»СЊРЅС‹Р№ РєРѕРЅС‚РµРєСЃС‚ С‚РёРїР° &amp#27;[0m&amp#27;[32m&amp#27;[1m"СЂР°Р·СЂРµР¶РµРЅРЅС‹Р№"&amp#27;[0m&amp#27;[32m СЂР°Р·РјРµСЂРѕРј &amp#27;[0m&amp#27;[32m&amp#27;[1m5&amp#27;[0m&amp#27;[32mx&amp#27;[0m&amp#27;[32m&amp#27;[1m6&amp#27;[0m  &amp#27;[90m# com.fca.bdd.ConceptComputationSteps.Р·Р°РґР°РЅ_РєРѕРЅС‚РµРєСЃС‚_С‚РёРїР°(java.lang.String,int,int)&amp#27;[0m
  &amp#27;[32mРљРѕРіРґР° &amp#27;[0m&amp#27;[32mСЏ Р·Р°РїСѓСЃРєР°СЋ Р°Р»РіРѕСЂРёС‚Рј &amp#27;[0m&amp#27;[32m&amp#27;[1m"CbO (BitSet)"&amp#27;[0m                            &amp#27;[90m# com.fca.bdd.ConceptComputationSteps.Р·Р°РїСѓСЃРєР°СЋ_Р°Р»РіРѕСЂРёС‚Рј(java.lang.String)&amp#27;[0m
  &amp#27;[32mРўРѕРіРґР° &amp#27;[0m&amp#27;[32mРЅР°Р№РґРµРЅРѕ РЅРµ РјРµРЅРµРµ &amp#27;[0m&amp#27;[32m&amp#27;[1m3&amp#27;[0m&amp#27;[32m С„РѕСЂРјР°Р»СЊРЅС‹С… РїРѕРЅСЏС‚РёР№&amp#27;[0m                         &amp#27;[90m# com.fca.bdd.ConceptComputationSteps.РЅР°Р№РґРµРЅРѕ_РЅРµ_РјРµРЅРµРµ_РїРѕРЅСЏС‚РёР№(int)&amp#27;[0m
  &amp#27;[32mР� &amp#27;[0m&amp#27;[32mРєР°Р¶РґРѕРµ РїРѕРЅСЏС‚РёРµ СѓРґРѕРІР»РµС‚РІРѕСЂСЏРµС‚ СЃРІРѕР№СЃС‚РІСѓ Р·Р°РјРєРЅСѓС‚РѕСЃС‚Рё&amp#27;[0m                 &amp#27;[90m# com.fca.bdd.ConceptComputationSteps.РїРѕРЅСЏС‚РёСЏ_Р·Р°РјРєРЅСѓС‚С‹()&amp#27;[0m
]]></system-out>
  </testcase>
  <testcase name="Example #1.3" classname="Примеры" time="0.004">
    <system-out><![CDATA[
РЎС‚СЂСѓРєС‚СѓСЂР° СЃС†РµРЅР°СЂРёСЏ: Р’С‹С‡РёСЃР»РµРЅРёРµ РїРѕРЅСЏС‚РёР№ РґР»СЏ РєРѕРЅС‚РµРєСЃС‚РѕРІ СЂР°Р·Р»РёС‡РЅРѕРіРѕ С‚РёРїР° &amp#27;[90m# src/test/resources/features/concept_computation.feature:23&amp#27;[0m
  &amp#27;[32mР”РѕРїСѓСЃС‚РёРј &amp#27;[0m&amp#27;[32mСЃРёСЃС‚РµРјР° Р°РЅР°Р»РёР·Р° С„РѕСЂРјР°Р»СЊРЅС‹С… РїРѕРЅСЏС‚РёР№ РёРЅРёС†РёР°Р»РёР·РёСЂРѕРІР°РЅР°&amp#27;[0m        &amp#27;[90m# com.fca.bdd.ConceptComputationSteps.СЃРёСЃС‚РµРјР°_РёРЅРёС†РёР°Р»РёР·РёСЂРѕРІР°РЅР°()&amp#27;[0m
  &amp#27;[32mР”РѕРїСѓСЃС‚РёРј &amp#27;[0m&amp#27;[32mР·Р°РґР°РЅ С„РѕСЂРјР°Р»СЊРЅС‹Р№ РєРѕРЅС‚РµРєСЃС‚ С‚РёРїР° &amp#27;[0m&amp#27;[32m&amp#27;[1m"СЂР°Р·СЂРµР¶РµРЅРЅС‹Р№"&amp#27;[0m&amp#27;[32m СЂР°Р·РјРµСЂРѕРј &amp#27;[0m&amp#27;[32m&amp#27;[1m5&amp#27;[0m&amp#27;[32mx&amp#27;[0m&amp#27;[32m&amp#27;[1m6&amp#27;[0m  &amp#27;[90m# com.fca.bdd.ConceptComputationSteps.Р·Р°РґР°РЅ_РєРѕРЅС‚РµРєСЃС‚_С‚РёРїР°(java.lang.String,int,int)&amp#27;[0m
  &amp#27;[32mРљРѕРіРґР° &amp#27;[0m&amp#27;[32mСЏ Р·Р°РїСѓСЃРєР°СЋ Р°Р»РіРѕСЂРёС‚Рј &amp#27;[0m&amp#27;[32m&amp#27;[1m"CbO (BitSet)"&amp#27;[0m                            &amp#27;[90m# com.fca.bdd.ConceptComputationSteps.Р·Р°РїСѓСЃРєР°СЋ_Р°Р»РіРѕСЂРёС‚Рј(java.lang.String)&amp#27;[0m
  &amp#27;[32mРўРѕРіРґР° &amp#27;[0m&amp#27;[32mРЅР°Р№РґРµРЅРѕ РЅРµ РјРµРЅРµРµ &amp#27;[0m&amp#27;[32m&amp#27;[1m3&amp#27;[0m&amp#27;[32m С„РѕСЂРјР°Р»СЊРЅС‹С… РїРѕРЅСЏС‚РёР№&amp#27;[0m                         &amp#27;[90m# com.fca.bdd.ConceptComputationSteps.РЅР°Р№РґРµРЅРѕ_РЅРµ_РјРµРЅРµРµ_РїРѕРЅСЏС‚РёР№(int)&amp#27;[0m
  &amp#27;[32mР� &amp#27;[0m&amp#27;[32mРєР°Р¶РґРѕРµ РїРѕРЅСЏС‚РёРµ СѓРґРѕРІР»РµС‚РІРѕСЂСЏРµС‚ СЃРІРѕР№СЃС‚РІСѓ Р·Р°РјРєРЅСѓС‚РѕСЃС‚Рё&amp#27;[0m                 &amp#27;[90m# com.fca.bdd.ConceptComputationSteps.РїРѕРЅСЏС‚РёСЏ_Р·Р°РјРєРЅСѓС‚С‹()&amp#27;[0m
]]></system-out>
  </testcase>
  <testcase name="Example #1.4" classname="Примеры" time="0.007">
    <system-out><![CDATA[
РЎС‚СЂСѓРєС‚СѓСЂР° СЃС†РµРЅР°СЂРёСЏ: Р’С‹С‡РёСЃР»РµРЅРёРµ РїРѕРЅСЏС‚РёР№ РґР»СЏ РєРѕРЅС‚РµРєСЃС‚РѕРІ СЂР°Р·Р»РёС‡РЅРѕРіРѕ С‚РёРїР° &amp#27;[90m# src/test/resources/features/concept_computation.feature:24&amp#27;[0m
  &amp#27;[32mР”РѕРїСѓСЃС‚РёРј &amp#27;[0m&amp#27;[32mСЃРёСЃС‚РµРјР° Р°РЅР°Р»РёР·Р° С„РѕСЂРјР°Р»СЊРЅС‹С… РїРѕРЅСЏС‚РёР№ РёРЅРёС†РёР°Р»РёР·РёСЂРѕРІР°РЅР°&amp#27;[0m        &amp#27;[90m# com.fca.bdd.ConceptComputationSteps.СЃРёСЃС‚РµРјР°_РёРЅРёС†РёР°Р»РёР·РёСЂРѕРІР°РЅР°()&amp#27;[0m
  &amp#27;[32mР”РѕРїСѓСЃС‚РёРј &amp#27;[0m&amp#27;[32mР·Р°РґР°РЅ С„РѕСЂРјР°Р»СЊРЅС‹Р№ РєРѕРЅС‚РµРєСЃС‚ С‚РёРїР° &amp#27;[0m&amp#27;[32m&amp#27;[1m"РґРёР°РіРѕРЅР°Р»СЊРЅС‹Р№"&amp#27;[0m&amp#27;[32m СЂР°Р·РјРµСЂРѕРј &amp#27;[0m&amp#27;[32m&amp#27;[1m4&amp#27;[0m&amp#27;[32mx&amp#27;[0m&amp#27;[32m&amp#27;[1m4&amp#27;[0m &amp#27;[90m# com.fca.bdd.ConceptComputationSteps.Р·Р°РґР°РЅ_РєРѕРЅС‚РµРєСЃС‚_С‚РёРїР°(java.lang.String,int,int)&amp#27;[0m
  &amp#27;[32mРљРѕРіРґР° &amp#27;[0m&amp#27;[32mСЏ Р·Р°РїСѓСЃРєР°СЋ Р°Р»РіРѕСЂРёС‚Рј &amp#27;[0m&amp#27;[32m&amp#27;[1m"CbO (Collections)"&amp#27;[0m                       &amp#27;[90m# com.fca.bdd.ConceptComputationSteps.Р·Р°РїСѓСЃРєР°СЋ_Р°Р»РіРѕСЂРёС‚Рј(java.lang.String)&amp#27;[0m
  &amp#27;[32mРўРѕРіРґР° &amp#27;[0m&amp#27;[32mРЅР°Р№РґРµРЅРѕ РЅРµ РјРµРЅРµРµ &amp#27;[0m&amp#27;[32m&amp#27;[1m5&amp#27;[0m&amp#27;[32m С„РѕСЂРјР°Р»СЊРЅС‹С… РїРѕРЅСЏС‚РёР№&amp#27;[0m                         &amp#27;[90m# com.fca.bdd.ConceptComputationSteps.РЅР°Р№РґРµРЅРѕ_РЅРµ_РјРµРЅРµРµ_РїРѕРЅСЏС‚РёР№(int)&amp#27;[0m
  &amp#27;[32mР� &amp#27;[0m&amp#27;[32mРєР°Р¶РґРѕРµ РїРѕРЅСЏС‚РёРµ СѓРґРѕРІР»РµС‚РІРѕСЂСЏРµС‚ СЃРІРѕР№СЃС‚РІСѓ Р·Р°РјРєРЅСѓС‚РѕСЃС‚Рё&amp#27;[0m                 &amp#27;[90m# com.fca.bdd.ConceptComputationSteps.РїРѕРЅСЏС‚РёСЏ_Р·Р°РјРєРЅСѓС‚С‹()&amp#27;[0m
]]></system-out>
  </testcase>
  <testcase name="Example #1.4" classname="Примеры" time="0.003">
    <system-out><![CDATA[
РЎС‚СЂСѓРєС‚СѓСЂР° СЃС†РµРЅР°СЂРёСЏ: Р’С‹С‡РёСЃР»РµРЅРёРµ РїРѕРЅСЏС‚РёР№ РґР»СЏ РєРѕРЅС‚РµРєСЃС‚РѕРІ СЂР°Р·Р»РёС‡РЅРѕРіРѕ С‚РёРїР° &amp#27;[90m# src/test/resources/features/concept_computation.feature:24&amp#27;[0m
  &amp#27;[32mР”РѕРїСѓСЃС‚РёРј &amp#27;[0m&amp#27;[32mСЃРёСЃС‚РµРјР° Р°РЅР°Р»РёР·Р° С„РѕСЂРјР°Р»СЊРЅС‹С… РїРѕРЅСЏС‚РёР№ РёРЅРёС†РёР°Р»РёР·РёСЂРѕРІР°РЅР°&amp#27;[0m        &amp#27;[90m# com.fca.bdd.ConceptComputationSteps.СЃРёСЃС‚РµРјР°_РёРЅРёС†РёР°Р»РёР·РёСЂРѕРІР°РЅР°()&amp#27;[0m
  &amp#27;[32mР”РѕРїСѓСЃС‚РёРј &amp#27;[0m&amp#27;[32mР·Р°РґР°РЅ С„РѕСЂРјР°Р»СЊРЅС‹Р№ РєРѕРЅС‚РµРєСЃС‚ С‚РёРїР° &amp#27;[0m&amp#27;[32m&amp#27;[1m"РґРёР°РіРѕРЅР°Р»СЊРЅС‹Р№"&amp#27;[0m&amp#27;[32m СЂР°Р·РјРµСЂРѕРј &amp#27;[0m&amp#27;[32m&amp#27;[1m4&amp#27;[0m&amp#27;[32mx&amp#27;[0m&amp#27;[32m&amp#27;[1m4&amp#27;[0m &amp#27;[90m# com.fca.bdd.ConceptComputationSteps.Р·Р°РґР°РЅ_РєРѕРЅС‚РµРєСЃС‚_С‚РёРїР°(java.lang.String,int,int)&amp#27;[0m
  &amp#27;[32mРљРѕРіРґР° &amp#27;[0m&amp#27;[32mСЏ Р·Р°РїСѓСЃРєР°СЋ Р°Р»РіРѕСЂРёС‚Рј &amp#27;[0m&amp#27;[32m&amp#27;[1m"CbO (Collections)"&amp#27;[0m                       &amp#27;[90m# com.fca.bdd.ConceptComputationSteps.Р·Р°РїСѓСЃРєР°СЋ_Р°Р»РіРѕСЂРёС‚Рј(java.lang.String)&amp#27;[0m
  &amp#27;[32mРўРѕРіРґР° &amp#27;[0m&amp#27;[32mРЅР°Р№РґРµРЅРѕ РЅРµ РјРµРЅРµРµ &amp#27;[0m&amp#27;[32m&amp#27;[1m5&amp#27;[0m&amp#27;[32m С„РѕСЂРјР°Р»СЊРЅС‹С… РїРѕРЅСЏС‚РёР№&amp#27;[0m                         &amp#27;[90m# com.fca.bdd.ConceptComputationSteps.РЅР°Р№РґРµРЅРѕ_РЅРµ_РјРµРЅРµРµ_РїРѕРЅСЏС‚РёР№(int)&amp#27;[0m
  &amp#27;[32mР� &amp#27;[0m&amp#27;[32mРєР°Р¶РґРѕРµ РїРѕРЅСЏС‚РёРµ СѓРґРѕРІР»РµС‚РІРѕСЂСЏРµС‚ СЃРІРѕР№СЃС‚РІСѓ Р·Р°РјРєРЅСѓС‚РѕСЃС‚Рё&amp#27;[0m                 &amp#27;[90m# com.fca.bdd.ConceptComputationSteps.РїРѕРЅСЏС‚РёСЏ_Р·Р°РјРєРЅСѓС‚С‹()&amp#27;[0m
]]></system-out>
  </testcase>
  <testcase name="Example #1.5" classname="Примеры" time="0.008">
    <system-out><![CDATA[
РЎС‚СЂСѓРєС‚СѓСЂР° СЃС†РµРЅР°СЂРёСЏ: Р’С‹С‡РёСЃР»РµРЅРёРµ РїРѕРЅСЏС‚РёР№ РґР»СЏ РєРѕРЅС‚РµРєСЃС‚РѕРІ СЂР°Р·Р»РёС‡РЅРѕРіРѕ С‚РёРїР° &amp#27;[90m# src/test/resources/features/concept_computation.feature:25&amp#27;[0m
  &amp#27;[32mР”РѕРїСѓСЃС‚РёРј &amp#27;[0m&amp#27;[32mСЃРёСЃС‚РµРјР° Р°РЅР°Р»РёР·Р° С„РѕСЂРјР°Р»СЊРЅС‹С… РїРѕРЅСЏС‚РёР№ РёРЅРёС†РёР°Р»РёР·РёСЂРѕРІР°РЅР°&amp#27;[0m        &amp#27;[90m# com.fca.bdd.ConceptComputationSteps.СЃРёСЃС‚РµРјР°_РёРЅРёС†РёР°Р»РёР·РёСЂРѕРІР°РЅР°()&amp#27;[0m
  &amp#27;[32mР”РѕРїСѓСЃС‚РёРј &amp#27;[0m&amp#27;[32mР·Р°РґР°РЅ С„РѕСЂРјР°Р»СЊРЅС‹Р№ РєРѕРЅС‚РµРєСЃС‚ С‚РёРїР° &amp#27;[0m&amp#27;[32m&amp#27;[1m"РїРѕР»РЅС‹Р№"&amp#27;[0m&amp#27;[32m СЂР°Р·РјРµСЂРѕРј &amp#27;[0m&amp#27;[32m&amp#27;[1m3&amp#27;[0m&amp#27;[32mx&amp#27;[0m&amp#27;[32m&amp#27;[1m3&amp#27;[0m       &amp#27;[90m# com.fca.bdd.ConceptComputationSteps.Р·Р°РґР°РЅ_РєРѕРЅС‚РµРєСЃС‚_С‚РёРїР°(java.lang.String,int,int)&amp#27;[0m
  &amp#27;[32mРљРѕРіРґР° &amp#27;[0m&amp#27;[32mСЏ Р·Р°РїСѓСЃРєР°СЋ Р°Р»РіРѕСЂРёС‚Рј &amp#27;[0m&amp#27;[32m&amp#27;[1m"CbO (Collections)"&amp#27;[0m                       &amp#27;[90m# com.fca.bdd.ConceptComputationSteps.Р·Р°РїСѓСЃРєР°СЋ_Р°Р»РіРѕСЂРёС‚Рј(java.lang.String)&amp#27;[0m
  &amp#27;[32mРўРѕРіРґР° &amp#27;[0m&amp#27;[32mРЅР°Р№РґРµРЅРѕ РЅРµ РјРµРЅРµРµ &amp#27;[0m&amp#27;[32m&amp#27;[1m1&amp#27;[0m&amp#27;[32m С„РѕСЂРјР°Р»СЊРЅС‹С… РїРѕРЅСЏС‚РёР№&amp#27;[0m                         &amp#27;[90m# com.fca.bdd.ConceptComputationSteps.РЅР°Р№РґРµРЅРѕ_РЅРµ_РјРµРЅРµРµ_РїРѕРЅСЏС‚РёР№(int)&amp#27;[0m
  &amp#27;[32mР� &amp#27;[0m&amp#27;[32mРєР°Р¶РґРѕРµ РїРѕРЅСЏС‚РёРµ СѓРґРѕРІР»РµС‚РІРѕСЂСЏРµС‚ СЃРІРѕР№СЃС‚РІСѓ Р·Р°РјРєРЅСѓС‚РѕСЃС‚Рё&amp#27;[0m                 &amp#27;[90m# com.fca.bdd.ConceptComputationSteps.РїРѕРЅСЏС‚РёСЏ_Р·Р°РјРєРЅСѓС‚С‹()&amp#27;[0m
]]></system-out>
  </testcase>
  <testcase name="Example #1.5" classname="Примеры" time="0.003">
    <system-out><![CDATA[
РЎС‚СЂСѓРєС‚СѓСЂР° СЃС†РµРЅР°СЂРёСЏ: Р’С‹С‡РёСЃР»РµРЅРёРµ РїРѕРЅСЏС‚РёР№ РґР»СЏ РєРѕРЅС‚РµРєСЃС‚РѕРІ СЂР°Р·Р»РёС‡РЅРѕРіРѕ С‚РёРїР° &amp#27;[90m# src/test/resources/features/concept_computation.feature:25&amp#27;[0m
  &amp#27;[32mР”РѕРїСѓСЃС‚РёРј &amp#27;[0m&amp#27;[32mСЃРёСЃС‚РµРјР° Р°РЅР°Р»РёР·Р° С„РѕСЂРјР°Р»СЊРЅС‹С… РїРѕРЅСЏС‚РёР№ РёРЅРёС†РёР°Р»РёР·РёСЂРѕРІР°РЅР°&amp#27;[0m        &amp#27;[90m# com.fca.bdd.ConceptComputationSteps.СЃРёСЃС‚РµРјР°_РёРЅРёС†РёР°Р»РёР·РёСЂРѕРІР°РЅР°()&amp#27;[0m
  &amp#27;[32mР”РѕРїСѓСЃС‚РёРј &amp#27;[0m&amp#27;[32mР·Р°РґР°РЅ С„РѕСЂРјР°Р»СЊРЅС‹Р№ РєРѕРЅС‚РµРєСЃС‚ С‚РёРїР° &amp#27;[0m&amp#27;[32m&amp#27;[1m"РїРѕР»РЅС‹Р№"&amp#27;[0m&amp#27;[32m СЂР°Р·РјРµСЂРѕРј &amp#27;[0m&amp#27;[32m&amp#27;[1m3&amp#27;[0m&amp#27;[32mx&amp#27;[0m&amp#27;[32m&amp#27;[1m3&amp#27;[0m       &amp#27;[90m# com.fca.bdd.ConceptComputationSteps.Р·Р°РґР°РЅ_РєРѕРЅС‚РµРєСЃС‚_С‚РёРїР°(java.lang.String,int,int)&amp#27;[0m
  &amp#27;[32mРљРѕРіРґР° &amp#27;[0m&amp#27;[32mСЏ Р·Р°РїСѓСЃРєР°СЋ Р°Р»РіРѕСЂРёС‚Рј &amp#27;[0m&amp#27;[32m&amp#27;[1m"CbO (Collections)"&amp#27;[0m                       &amp#27;[90m# com.fca.bdd.ConceptComputationSteps.Р·Р°РїСѓСЃРєР°СЋ_Р°Р»РіРѕСЂРёС‚Рј(java.lang.String)&amp#27;[0m
  &amp#27;[32mРўРѕРіРґР° &amp#27;[0m&amp#27;[32mРЅР°Р№РґРµРЅРѕ РЅРµ РјРµРЅРµРµ &amp#27;[0m&amp#27;[32m&amp#27;[1m1&amp#27;[0m&amp#27;[32m С„РѕСЂРјР°Р»СЊРЅС‹С… РїРѕРЅСЏС‚РёР№&amp#27;[0m                         &amp#27;[90m# com.fca.bdd.ConceptComputationSteps.РЅР°Р№РґРµРЅРѕ_РЅРµ_РјРµРЅРµРµ_РїРѕРЅСЏС‚РёР№(int)&amp#27;[0m
  &amp#27;[32mР� &amp#27;[0m&amp#27;[32mРєР°Р¶РґРѕРµ РїРѕРЅСЏС‚РёРµ СѓРґРѕРІР»РµС‚РІРѕСЂСЏРµС‚ СЃРІРѕР№СЃС‚РІСѓ Р·Р°РјРєРЅСѓС‚РѕСЃС‚Рё&amp#27;[0m                 &amp#27;[90m# com.fca.bdd.ConceptComputationSteps.РїРѕРЅСЏС‚РёСЏ_Р·Р°РјРєРЅСѓС‚С‹()&amp#27;[0m
]]></system-out>
  </testcase>
  <testcase name="Example #1.6" classname="Примеры" time="0.006">
    <system-out><![CDATA[
РЎС‚СЂСѓРєС‚СѓСЂР° СЃС†РµРЅР°СЂРёСЏ: Р’С‹С‡РёСЃР»РµРЅРёРµ РїРѕРЅСЏС‚РёР№ РґР»СЏ РєРѕРЅС‚РµРєСЃС‚РѕРІ СЂР°Р·Р»РёС‡РЅРѕРіРѕ С‚РёРїР° &amp#27;[90m# src/test/resources/features/concept_computation.feature:26&amp#27;[0m
  &amp#27;[32mР”РѕРїСѓСЃС‚РёРј &amp#27;[0m&amp#27;[32mСЃРёСЃС‚РµРјР° Р°РЅР°Р»РёР·Р° С„РѕСЂРјР°Р»СЊРЅС‹С… РїРѕРЅСЏС‚РёР№ РёРЅРёС†РёР°Р»РёР·РёСЂРѕРІР°РЅР°&amp#27;[0m        &amp#27;[90m# com.fca.bdd.ConceptComputationSteps.СЃРёСЃС‚РµРјР°_РёРЅРёС†РёР°Р»РёР·РёСЂРѕРІР°РЅР°()&amp#27;[0m
  &amp#27;[32mР”РѕРїСѓСЃС‚РёРј &amp#27;[0m&amp#27;[32mР·Р°РґР°РЅ С„РѕСЂРјР°Р»СЊРЅС‹Р№ РєРѕРЅС‚РµРєСЃС‚ С‚РёРїР° &amp#27;[0m&amp#27;[32m&amp#27;[1m"СЂР°Р·СЂРµР¶РµРЅРЅС‹Р№"&amp#27;[0m&amp#27;[32m СЂР°Р·РјРµСЂРѕРј &amp#27;[0m&amp#27;[32m&amp#27;[1m5&amp#27;[0m&amp#27;[32mx&amp#27;[0m&amp#27;[32m&amp#27;[1m6&amp#27;[0m  &amp#27;[90m# com.fca.bdd.ConceptComputationSteps.Р·Р°РґР°РЅ_РєРѕРЅС‚РµРєСЃС‚_С‚РёРїР°(java.lang.String,int,int)&amp#27;[0m
  &amp#27;[32mРљРѕРіРґР° &amp#27;[0m&amp#27;[32mСЏ Р·Р°РїСѓСЃРєР°СЋ Р°Р»РіРѕСЂРёС‚Рј &amp#27;[0m&amp#27;[32m&amp#27;[1m"CbO (Collections)"&amp#27;[0m                       &amp#27;[90m# com.fca.bdd.ConceptComputationSteps.Р·Р°РїСѓСЃРєР°СЋ_Р°Р»РіРѕСЂРёС‚Рј(java.lang.String)&amp#27;[0m
  &amp#27;[32mРўРѕРіРґР° &amp#27;[0m&amp#27;[32mРЅР°Р№РґРµРЅРѕ РЅРµ РјРµРЅРµРµ &amp#27;[0m&amp#27;[32m&amp#27;[1m3&amp#27;[0m&amp#27;[32m С„РѕСЂРјР°Р»СЊРЅС‹С… РїРѕРЅСЏС‚РёР№&amp#27;[0m                         &amp#27;[90m# com.fca.bdd.ConceptComputationSteps.РЅР°Р№РґРµРЅРѕ_РЅРµ_РјРµРЅРµРµ_РїРѕРЅСЏС‚РёР№(int)&amp#27;[0m
  &amp#27;[32mР� &amp#27;[0m&amp#27;[32mРєР°Р¶РґРѕРµ РїРѕРЅСЏС‚РёРµ СѓРґРѕРІР»РµС‚РІРѕСЂСЏРµС‚ СЃРІРѕР№СЃС‚РІСѓ Р·Р°РјРєРЅСѓС‚РѕСЃС‚Рё&amp#27;[0m                 &amp#27;[90m# com.fca.bdd.ConceptComputationSteps.РїРѕРЅСЏС‚РёСЏ_Р·Р°РјРєРЅСѓС‚С‹()&amp#27;[0m
]]></system-out>
  </testcase>
  <testcase name="Example #1.6" classname="Примеры" time="0.004">
    <system-out><![CDATA[
РЎС‚СЂСѓРєС‚СѓСЂР° СЃС†РµРЅР°СЂРёСЏ: Р’С‹С‡РёСЃР»РµРЅРёРµ РїРѕРЅСЏС‚РёР№ РґР»СЏ РєРѕРЅС‚РµРєСЃС‚РѕРІ СЂР°Р·Р»РёС‡РЅРѕРіРѕ С‚РёРїР° &amp#27;[90m# src/test/resources/features/concept_computation.feature:26&amp#27;[0m
  &amp#27;[32mР”РѕРїСѓСЃС‚РёРј &amp#27;[0m&amp#27;[32mСЃРёСЃС‚РµРјР° Р°РЅР°Р»РёР·Р° С„РѕСЂРјР°Р»СЊРЅС‹С… РїРѕРЅСЏС‚РёР№ РёРЅРёС†РёР°Р»РёР·РёСЂРѕРІР°РЅР°&amp#27;[0m        &amp#27;[90m# com.fca.bdd.ConceptComputationSteps.СЃРёСЃС‚РµРјР°_РёРЅРёС†РёР°Р»РёР·РёСЂРѕРІР°РЅР°()&amp#27;[0m
  &amp#27;[32mР”РѕРїСѓСЃС‚РёРј &amp#27;[0m&amp#27;[32mР·Р°РґР°РЅ С„РѕСЂРјР°Р»СЊРЅС‹Р№ РєРѕРЅС‚РµРєСЃС‚ С‚РёРїР° &amp#27;[0m&amp#27;[32m&amp#27;[1m"СЂР°Р·СЂРµР¶РµРЅРЅС‹Р№"&amp#27;[0m&amp#27;[32m СЂР°Р·РјРµСЂРѕРј &amp#27;[0m&amp#27;[32m&amp#27;[1m5&amp#27;[0m&amp#27;[32mx&amp#27;[0m&amp#27;[32m&amp#27;[1m6&amp#27;[0m  &amp#27;[90m# com.fca.bdd.ConceptComputationSteps.Р·Р°РґР°РЅ_РєРѕРЅС‚РµРєСЃС‚_С‚РёРїР°(java.lang.String,int,int)&amp#27;[0m
  &amp#27;[32mРљРѕРіРґР° &amp#27;[0m&amp#27;[32mСЏ Р·Р°РїСѓСЃРєР°СЋ Р°Р»РіРѕСЂРёС‚Рј &amp#27;[0m&amp#27;[32m&amp#27;[1m"CbO (Collections)"&amp#27;[0m                       &amp#27;[90m# com.fca.bdd.ConceptComputationSteps.Р·Р°РїСѓСЃРєР°СЋ_Р°Р»РіРѕСЂРёС‚Рј(java.lang.String)&amp#27;[0m
  &amp#27;[32mРўРѕРіРґР° &amp#27;[0m&amp#27;[32mРЅР°Р№РґРµРЅРѕ РЅРµ РјРµРЅРµРµ &amp#27;[0m&amp#27;[32m&amp#27;[1m3&amp#27;[0m&amp#27;[32m С„РѕСЂРјР°Р»СЊРЅС‹С… РїРѕРЅСЏС‚РёР№&amp#27;[0m                         &amp#27;[90m# com.fca.bdd.ConceptComputationSteps.РЅР°Р№РґРµРЅРѕ_РЅРµ_РјРµРЅРµРµ_РїРѕРЅСЏС‚РёР№(int)&amp#27;[0m
  &amp#27;[32mР� &amp#27;[0m&amp#27;[32mРєР°Р¶РґРѕРµ РїРѕРЅСЏС‚РёРµ СѓРґРѕРІР»РµС‚РІРѕСЂСЏРµС‚ СЃРІРѕР№СЃС‚РІСѓ Р·Р°РјРєРЅСѓС‚РѕСЃС‚Рё&amp#27;[0m                 &amp#27;[90m# com.fca.bdd.ConceptComputationSteps.РїРѕРЅСЏС‚РёСЏ_Р·Р°РјРєРЅСѓС‚С‹()&amp#27;[0m
]]></system-out>
  </testcase>
  <testcase name="Контекст без атрибутов даёт ровно одно понятие" classname="Алгоритм CbO находит все формальные понятия" time="0.005">
    <system-out><![CDATA[
РЎС†РµРЅР°СЂРёР№: РљРѕРЅС‚РµРєСЃС‚ Р±РµР· Р°С‚СЂРёР±СѓС‚РѕРІ РґР°С‘С‚ СЂРѕРІРЅРѕ РѕРґРЅРѕ РїРѕРЅСЏС‚РёРµ       &amp#27;[90m# src/test/resources/features/concept_computation.feature:28&amp#27;[0m
  &amp#27;[32mР”РѕРїСѓСЃС‚РёРј &amp#27;[0m&amp#27;[32mСЃРёСЃС‚РµРјР° Р°РЅР°Р»РёР·Р° С„РѕСЂРјР°Р»СЊРЅС‹С… РїРѕРЅСЏС‚РёР№ РёРЅРёС†РёР°Р»РёР·РёСЂРѕРІР°РЅР°&amp#27;[0m &amp#27;[90m# com.fca.bdd.ConceptComputationSteps.СЃРёСЃС‚РµРјР°_РёРЅРёС†РёР°Р»РёР·РёСЂРѕРІР°РЅР°()&amp#27;[0m
  &amp#27;[32mР”РѕРїСѓСЃС‚РёРј &amp#27;[0m&amp#27;[32mР·Р°РґР°РЅ РєРѕРЅС‚РµРєСЃС‚ СЃ &amp#27;[0m&amp#27;[32m&amp#27;[1m3&amp#27;[0m&amp#27;[32m РѕР±СЉРµРєС‚Р°РјРё Рё &amp#27;[0m&amp#27;[32m&amp#27;[1m0&amp#27;[0m&amp#27;[32m Р°С‚СЂРёР±СѓС‚Р°РјРё&amp#27;[0m         &amp#27;[90m# com.fca.bdd.ConceptComputationSteps.Р·Р°РґР°РЅ_РєРѕРЅС‚РµРєСЃС‚_Р±РµР·_Р°С‚СЂРёР±СѓС‚РѕРІ(int,int)&amp#27;[0m
  &amp#27;[32mРљРѕРіРґР° &amp#27;[0m&amp#27;[32mСЏ Р·Р°РїСѓСЃРєР°СЋ Р°Р»РіРѕСЂРёС‚Рј &amp#27;[0m&amp#27;[32m&amp#27;[1m"CbO (BitSet)"&amp#27;[0m                     &amp#27;[90m# com.fca.bdd.ConceptComputationSteps.Р·Р°РїСѓСЃРєР°СЋ_Р°Р»РіРѕСЂРёС‚Рј(java.lang.String)&amp#27;[0m
  &amp#27;[32mРўРѕРіРґР° &amp#27;[0m&amp#27;[32mРЅР°Р№РґРµРЅРѕ СЂРѕРІРЅРѕ &amp#27;[0m&amp#27;[32m&amp#27;[1m1&amp#27;[0m&amp#27;[32m С„РѕСЂРјР°Р»СЊРЅРѕРµ РїРѕРЅСЏС‚РёРµ&amp#27;[0m                     &amp#27;[90m# com.fca.bdd.ConceptComputationSteps.РЅР°Р№РґРµРЅРѕ_СЂРѕРІРЅРѕ_РїРѕРЅСЏС‚РёР№(int)&amp#27;[0m
  &amp#27;[32mР� &amp#27;[0m&amp#27;[32mСЌРєСЃС‚РµРЅС‚ РµРґРёРЅСЃС‚РІРµРЅРЅРѕРіРѕ РїРѕРЅСЏС‚РёСЏ СЃРѕРґРµСЂР¶РёС‚ РІСЃРµ РѕР±СЉРµРєС‚С‹&amp#27;[0m         &amp#27;[90m# com.fca.bdd.ConceptComputationSteps.СЌРєСЃС‚РµРЅС‚_СЃРѕРґРµСЂР¶РёС‚_РІСЃРµ_РѕР±СЉРµРєС‚С‹()&amp#27;[0m
]]></system-out>
  </testcase>
  <testcase name="Контекст без атрибутов даёт ровно одно понятие" classname="Алгоритм CbO находит все формальные понятия" time="0.006">
    <system-out><![CDATA[
РЎС†РµРЅР°СЂРёР№: РљРѕРЅС‚РµРєСЃС‚ Р±РµР· Р°С‚СЂРёР±СѓС‚РѕРІ РґР°С‘С‚ СЂРѕРІРЅРѕ РѕРґРЅРѕ РїРѕРЅСЏС‚РёРµ       &amp#27;[90m# src/test/resources/features/concept_computation.feature:28&amp#27;[0m
  &amp#27;[32mР”РѕРїСѓСЃС‚РёРј &amp#27;[0m&amp#27;[32mСЃРёСЃС‚РµРјР° Р°РЅР°Р»РёР·Р° С„РѕСЂРјР°Р»СЊРЅС‹С… РїРѕРЅСЏС‚РёР№ РёРЅРёС†РёР°Р»РёР·РёСЂРѕРІР°РЅР°&amp#27;[0m &amp#27;[90m# com.fca.bdd.ConceptComputationSteps.СЃРёСЃС‚РµРјР°_РёРЅРёС†РёР°Р»РёР·РёСЂРѕРІР°РЅР°()&amp#27;[0m
  &amp#27;[32mР”РѕРїСѓСЃС‚РёРј &amp#27;[0m&amp#27;[32mР·Р°РґР°РЅ РєРѕРЅС‚РµРєСЃС‚ СЃ &amp#27;[0m&amp#27;[32m&amp#27;[1m3&amp#27;[0m&amp#27;[32m РѕР±СЉРµРєС‚Р°РјРё Рё &amp#27;[0m&amp#27;[32m&amp#27;[1m0&amp#27;[0m&amp#27;[32m Р°С‚СЂРёР±СѓС‚Р°РјРё&amp#27;[0m         &amp#27;[90m# com.fca.bdd.ConceptComputationSteps.Р·Р°РґР°РЅ_РєРѕРЅС‚РµРєСЃС‚_Р±РµР·_Р°С‚СЂРёР±СѓС‚РѕРІ(int,int)&amp#27;[0m
  &amp#27;[32mРљРѕРіРґР° &amp#27;[0m&amp#27;[32mСЏ Р·Р°РїСѓСЃРєР°СЋ Р°Р»РіРѕСЂРёС‚Рј &amp#27;[0m&amp#27;[32m&amp#27;[1m"CbO (BitSet)"&amp#27;[0m                     &amp#27;[90m# com.fca.bdd.ConceptComputationSteps.Р·Р°РїСѓСЃРєР°СЋ_Р°Р»РіРѕСЂРёС‚Рј(java.lang.String)&amp#27;[0m
[...]
    | Р›РµРІ      | РґР°            | РЅРµС‚   | РЅРµС‚    | РЅРµС‚     | РґР°     | РґР°           |
    | РћСЂС‘Р»     | РЅРµС‚           | РґР°    | РґР°     | РЅРµС‚     | РґР°     | РґР°           |
    | Р”РµР»СЊС„РёРЅ  | РґР°            | РЅРµС‚   | РЅРµС‚    | РґР°      | РЅРµС‚    | РґР°           |
    | РџРёРЅРіРІРёРЅ  | РЅРµС‚           | РґР°    | РЅРµС‚    | РґР°      | РЅРµС‚    | РґР°           |
    | Р›РµС‚_РјС‹С€СЊ | РґР°            | РЅРµС‚   | РґР°     | РЅРµС‚     | РЅРµС‚    | РґР°           |
  &amp#27;[32mР”РѕРїСѓСЃС‚РёРј &amp#27;[0m&amp#27;[32mР·Р°РґР°РЅ РїРѕР»РЅС‹Р№ РєРѕРЅС‚РµРєСЃС‚ &amp#27;[0m&amp#27;[32m&amp#27;[1m3&amp#27;[0m&amp#27;[32mx&amp#27;[0m&amp#27;[32m&amp#27;[1m3&amp#27;[0m                                     &amp#27;[90m# com.fca.bdd.ImplicationGenerationSteps.Р·Р°РґР°РЅ_РїРѕР»РЅС‹Р№_РєРѕРЅС‚РµРєСЃС‚(int,int)&amp#27;[0m
  &amp#27;[32mРљРѕРіРґР° &amp#27;[0m&amp#27;[32mСЏ РІС‹С‡РёСЃР»СЏСЋ РїРѕРЅСЏС‚РёСЏ Р°Р»РіРѕСЂРёС‚РјРѕРј &amp#27;[0m&amp#27;[32m&amp#27;[1m"CbO (BitSet)"&amp#27;[0m                     &amp#27;[90m# com.fca.bdd.ImplicationGenerationSteps.РІС‹С‡РёСЃР»СЏСЋ_РїРѕРЅСЏС‚РёСЏ(java.lang.String)&amp#27;[0m
  &amp#27;[32mР� &amp#27;[0m&amp#27;[32mРіРµРЅРµСЂРёСЂСѓСЋ РёРјРїР»РёРєР°С†РёРё РЅР° РѕСЃРЅРѕРІРµ РЅР°Р№РґРµРЅРЅС‹С… РїРѕРЅСЏС‚РёР№&amp#27;[0m                     &amp#27;[90m# com.fca.bdd.ImplicationGenerationSteps.РіРµРЅРµСЂРёСЂСѓСЋ_РёРјРїР»РёРєР°С†РёРё()&amp#27;[0m
  &amp#27;[32mРўРѕРіРґР° &amp#27;[0m&amp#27;[32mРєРѕР»РёС‡РµСЃС‚РІРѕ РёРјРїР»РёРєР°С†РёР№ Р±РѕР»СЊС€Рµ &amp#27;[0m&amp#27;[32m&amp#27;[1m0&amp#27;[0m                                   &amp#27;[90m# com.fca.bdd.ImplicationGenerationSteps.РєРѕР»РёС‡РµСЃС‚РІРѕ_Р±РѕР»СЊС€Рµ(int)&amp#27;[0m
  &amp#27;[32mР� &amp#27;[0m&amp#27;[32mРїРѕСЃС‹Р»РєР° Рё Р·Р°РєР»СЋС‡РµРЅРёРµ РєР°Р¶РґРѕР№ РёРјРїР»РёРєР°С†РёРё РЅРµ РїРµСЂРµСЃРµРєР°СЋС‚СЃСЏ&amp#27;[0m               &amp#27;[90m# com.fca.bdd.ImplicationGenerationSteps.РїРѕСЃС‹Р»РєР°_Рё_Р·Р°РєР»СЋС‡РµРЅРёРµ_РЅРµ_РїРµСЂРµСЃРµРєР°СЋС‚СЃСЏ()&amp#27;[0m
]]></system-out>
  </testcase>
  <testcase name="Полный контекст порождает импликации из одноэлементных посылок" classname="Особые случаи обрабатываются корректно" time="0.006">
    <system-out><![CDATA[
РЎС†РµРЅР°СЂРёР№: РџРѕР»РЅС‹Р№ РєРѕРЅС‚РµРєСЃС‚ РїРѕСЂРѕР¶РґР°РµС‚ РёРјРїР»РёРєР°С†РёРё РёР· РѕРґРЅРѕСЌР»РµРјРµРЅС‚РЅС‹С… РїРѕСЃС‹Р»РѕРє &amp#27;[90m# src/test/resources/features/implication_generation.feature:42&amp#27;[0m
  &amp#27;[32mР”РѕРїСѓСЃС‚РёРј &amp#27;[0m&amp#27;[32mСЃСѓС‰РµСЃС‚РІСѓРµС‚ РіРµРЅРµСЂР°С‚РѕСЂ РёРјРїР»РёРєР°С†РёР№&amp#27;[0m                               &amp#27;[90m# com.fca.bdd.ImplicationGenerationSteps.СЃСѓС‰РµСЃС‚РІСѓРµС‚_РіРµРЅРµСЂР°С‚РѕСЂ()&amp#27;[0m
  &amp#27;[32mР� &amp#27;[0m&amp#27;[32mР·Р°РґР°РЅ С„РѕСЂРјР°Р»СЊРЅС‹Р№ РєРѕРЅС‚РµРєСЃС‚ СЃ С‚Р°Р±Р»РёС†РµР№ РёРЅС†РёРґРµРЅС‚РЅРѕСЃС‚Рё:&amp#27;[0m                  &amp#27;[90m# com.fca.bdd.FormalContextSteps.Р·Р°РґР°РЅ_РєРѕРЅС‚РµРєСЃС‚_СЃ_С‚Р°Р±Р»РёС†РµР№(io.cucumber.datatable.DataTable)&amp#27;[0m
    | РѕР±СЉРµРєС‚   | РјР»РµРєРѕРїРёС‚Р°СЋС‰РµРµ | РїС‚РёС†Р° | Р»РµС‚Р°РµС‚ | РїР»Р°РІР°РµС‚ | С…РёС‰РЅРёРє | С‚РµРїР»РѕРєСЂРѕРІРЅРѕРµ |
    | Р›РµРІ      | РґР°            | РЅРµС‚   | РЅРµС‚    | РЅРµС‚     | РґР°     | РґР°           |
    | РћСЂС‘Р»     | РЅРµС‚           | РґР°    | РґР°     | РЅРµС‚     | РґР°     | РґР°           |
    | Р”РµР»СЊС„РёРЅ  | РґР°            | РЅРµС‚   | РЅРµС‚    | РґР°      | РЅРµС‚    | РґР°           |
    | РџРёРЅРіРІРёРЅ  | РЅРµС‚           | РґР°    | РЅРµС‚    | РґР°      | РЅРµС‚    | РґР°           |
    | Р›РµС‚_РјС‹С€СЊ | РґР°            | РЅРµС‚   | РґР°     | РЅРµС‚     | РЅРµС‚    | РґР°           |
  &amp#27;[32mР”РѕРїСѓСЃС‚РёРј &amp#27;[0m&amp#27;[32mР·Р°РґР°РЅ РїРѕР»РЅС‹Р№ РєРѕРЅС‚РµРєСЃС‚ &amp#27;[0m&amp#27;[32m&amp#27;[1m3&amp#27;[0m&amp#27;[32mx&amp#27;[0m&amp#27;[32m&amp#27;[1m3&amp#27;[0m                                     &amp#27;[90m# com.fca.bdd.ImplicationGenerationSteps.Р·Р°РґР°РЅ_РїРѕР»РЅС‹Р№_РєРѕРЅС‚РµРєСЃС‚(int,int)&amp#27;[0m
  &amp#27;[32mРљРѕРіРґР° &amp#27;[0m&amp#27;[32mСЏ РІС‹С‡РёСЃР»СЏСЋ РїРѕРЅСЏС‚РёСЏ Р°Р»РіРѕСЂРёС‚РјРѕРј &amp#27;[0m&amp#27;[32m&amp#27;[1m"CbO (BitSet)"&amp#27;[0m                     &amp#27;[90m# com.fca.bdd.ImplicationGenerationSteps.РІС‹С‡РёСЃР»СЏСЋ_РїРѕРЅСЏС‚РёСЏ(java.lang.String)&amp#27;[0m
  &amp#27;[32mР� &amp#27;[0m&amp#27;[32mРіРµРЅРµСЂРёСЂСѓСЋ РёРјРїР»РёРєР°С†РёРё РЅР° РѕСЃРЅРѕРІРµ РЅР°Р№РґРµРЅРЅС‹С… РїРѕРЅСЏС‚РёР№&amp#27;[0m                     &amp#27;[90m# com.fca.bdd.ImplicationGenerationSteps.РіРµРЅРµСЂРёСЂСѓСЋ_РёРјРїР»РёРєР°С†РёРё()&amp#27;[0m
  &amp#27;[32mРўРѕРіРґР° &amp#27;[0m&amp#27;[32mРєРѕР»РёС‡РµСЃС‚РІРѕ РёРјРїР»РёРєР°С†РёР№ Р±РѕР»СЊС€Рµ &amp#27;[0m&amp#27;[32m&amp#27;[1m0&amp#27;[0m                                   &amp#27;[90m# com.fca.bdd.ImplicationGenerationSteps.РєРѕР»РёС‡РµСЃС‚РІРѕ_Р±РѕР»СЊС€Рµ(int)&amp#27;[0m
  &amp#27;[32mР� &amp#27;[0m&amp#27;[32mРїРѕСЃС‹Р»РєР° Рё Р·Р°РєР»СЋС‡РµРЅРёРµ РєР°Р¶РґРѕР№ РёРјРїР»РёРєР°С†РёРё РЅРµ РїРµСЂРµСЃРµРєР°СЋС‚СЃСЏ&amp#27;[0m               &amp#27;[90m# com.fca.bdd.ImplicationGenerationSteps.РїРѕСЃС‹Р»РєР°_Рё_Р·Р°РєР»СЋС‡РµРЅРёРµ_РЅРµ_РїРµСЂРµСЃРµРєР°СЋС‚СЃСЏ()&amp#27;[0m
]]></system-out>
  </testcase>
  <testcase name="Сериализация результата анализа в JSON-строку" classname="Результат сериализуется в валидный JSON с полной статистикой" time="0.009">
    <system-out><![CDATA[
РЎС†РµРЅР°СЂРёР№: РЎРµСЂРёР°Р»РёР·Р°С†РёСЏ СЂРµР·СѓР»СЊС‚Р°С‚Р° Р°РЅР°Р»РёР·Р° РІ JSON-СЃС‚СЂРѕРєСѓ                                     &amp#27;[90m# src/test/resources/features/result_export.feature:10&amp#27;[0m
  &amp#27;[32mР”РѕРїСѓСЃС‚РёРј &amp#27;[0m&amp#27;[32mРІС‹РїРѕР»РЅРµРЅ Р°РЅР°Р»РёР· РєРѕРЅС‚РµРєСЃС‚Р° СЃ &amp#27;[0m&amp#27;[32m&amp#27;[1m5&amp#27;[0m&amp#27;[32m РѕР±СЉРµРєС‚Р°РјРё Рё &amp#27;[0m&amp#27;[32m&amp#27;[1m6&amp#27;[0m&amp#27;[32m Р°С‚СЂРёР±СѓС‚Р°РјРё Р°Р»РіРѕСЂРёС‚РјРѕРј &amp#27;[0m&amp#27;[32m&amp#27;[1m"CbO (BitSet)"&amp#27;[0m &amp#27;[90m# com.fca.bdd.ResultExportSteps.РІС‹РїРѕР»РЅРµРЅ_Р°РЅР°Р»РёР·(int,int,java.lang.String)&amp#27;[0m
  &amp#27;[32mРљРѕРіРґР° &amp#27;[0m&amp#27;[32mСЏ СЃРµСЂРёР°Р»РёР·СѓСЋ СЂРµР·СѓР»СЊС‚Р°С‚ РІ JSON&amp#27;[0m                                                       &amp#27;[90m# com.fca.bdd.ResultExportSteps.СЃРµСЂРёР°Р»РёР·СѓСЋ_РІ_json()&amp#27;[0m
  &amp#27;[32mРўРѕРіРґР° &amp#27;[0m&amp#27;[32mJSON СЃРѕРґРµСЂР¶РёС‚ РїРѕР»Рµ &amp#27;[0m&amp#27;[32m&amp#27;[1m"algorithmName"&amp#27;[0m&amp#27;[32m СЃРѕ Р·РЅР°С‡РµРЅРёРµРј &amp#27;[0m&amp#27;[32m&amp#27;[1m"CbO (BitSet)"&amp#27;[0m                      &amp#27;[90m# com.fca.bdd.ResultExportSteps.json_СЃРѕРґРµСЂР¶РёС‚_РїРѕР»Рµ(java.lang.String,java.lang.String)&amp#27;[0m
  &amp#27;[32mР� &amp#27;[0m&amp#27;[32mJSON СЃРѕРґРµСЂР¶РёС‚ СЃРµРєС†РёСЋ &amp#27;[0m&amp#27;[32m&amp#27;[1m"statistics"&amp#27;[0m                                                       &amp#27;[90m# com.fca.bdd.ResultExportSteps.json_СЃРѕРґРµСЂР¶РёС‚_СЃРµРєС†РёСЋ(java.lang.String)&amp#27;[0m
  &amp#27;[32mР� &amp#27;[0m&amp#27;[32mJSON СЃРѕРґРµСЂР¶РёС‚ СЃРµРєС†РёСЋ &amp#27;[0m&amp#27;[32m&amp#27;[1m"concepts"&amp#27;[0m                                                         &amp#27;[90m# com.fca.bdd.ResultExportSteps.json_СЃРѕРґРµСЂР¶РёС‚_СЃРµРєС†РёСЋ(java.lang.String)&amp#27;[0m
  &amp#27;[32mР� &amp#27;[0m&amp#27;[32mJSON СЃРѕРґРµСЂР¶РёС‚ СЃРµРєС†РёСЋ &amp#27;[0m&amp#27;[32m&amp#27;[1m"implications"&amp#27;[0m                                                     &amp#27;[90m# com.fca.bdd.ResultExportSteps.json_СЃРѕРґРµСЂР¶РёС‚_СЃРµРєС†РёСЋ(java.lang.String)&amp#27;[0m
]]></system-out>
  </testcase>
  <testcase name="Сериализация результата анализа в JSON-строку" classname="Результат сериализуется в валидный JSON с полной статистикой" time="0.006">
    <system-out><![CDATA[
РЎС†РµРЅР°СЂРёР№: РЎРµСЂРёР°Р»РёР·Р°С†РёСЏ СЂРµР·СѓР»СЊС‚Р°С‚Р° Р°РЅР°Р»РёР·Р° РІ JSON-СЃС‚СЂРѕРєСѓ                                     &amp#27;[90m# src/test/resources/features/result_export.feature:10&amp#27;[0m
  &amp#27;[32mР”РѕРїСѓСЃС‚РёРј &amp#27;[0m&amp#27;[32mРІС‹РїРѕР»РЅРµРЅ Р°РЅР°Р»РёР· РєРѕРЅС‚РµРєСЃС‚Р° СЃ &amp#27;[0m&amp#27;[32m&amp#27;[1m5&amp#27;[0m&amp#27;[32m РѕР±СЉРµРєС‚Р°РјРё Рё &amp#27;[0m&amp#27;[32m&amp#27;[1m6&amp#27;[0m&amp#27;[32m Р°С‚СЂРёР±СѓС‚Р°РјРё Р°Р»РіРѕСЂРёС‚РјРѕРј &amp#27;[0m&amp#27;[32m&amp#27;[1m"CbO (BitSet)"&amp#27;[0m &amp#27;[90m# com.fca.bdd.ResultExportSteps.РІС‹РїРѕР»РЅРµРЅ_Р°РЅР°Р»РёР·(int,int,java.lang.String)&amp#27;[0m
  &amp#27;[32mРљРѕРіРґР° &amp#27;[0m&amp#27;[32mСЏ СЃРµСЂРёР°Р»РёР·СѓСЋ СЂРµР·СѓР»СЊС‚Р°С‚ РІ JSON&amp#27;[0m                                                       &amp#27;[90m# com.fca.bdd.ResultExportSteps.СЃРµСЂРёР°Р»РёР·СѓСЋ_РІ_json()&amp#27;[0m
  &amp#27;[32mРўРѕРіРґР° &amp#27;[0m&amp#27;[32mJSON СЃРѕРґРµСЂР¶РёС‚ РїРѕР»Рµ &amp#27;[0m&amp#27;[32m&amp#27;[1m"algorithmName"&amp#27;[0m&amp#27;[32m СЃРѕ Р·РЅР°С‡РµРЅРёРµРј &amp#27;[0m&amp#27;[32m&amp#27;[1m"CbO (BitSet)"&amp#27;[0m                      &amp#27;[90m# com.fca.bdd.ResultExportSteps.json_СЃРѕРґРµСЂР¶РёС‚_РїРѕР»Рµ(java.lang.String,java.lang.String)&amp#27;[0m
  &amp#27;[32mР� &amp#27;[0m&amp#27;[32mJSON СЃРѕРґРµСЂР¶РёС‚ СЃРµРєС†РёСЋ &amp#27;[0m&amp#27;[32m&amp#27;[1m"statistics"&amp#27;[0m                                                       &amp#27;[90m# com.fca.bdd.ResultExportSteps.json_СЃРѕРґРµСЂР¶РёС‚_СЃРµРєС†РёСЋ(java.lang.String)&amp#27;[0m
  &amp#27;[32mР� &amp#27;[0m&amp#27;[32mJSON СЃРѕРґРµСЂР¶РёС‚ СЃРµРєС†РёСЋ &amp#27;[0m&amp#27;[32m&amp#27;[1m"concepts"&amp#27;[0m                                                         &amp#27;[90m# com.fca.bdd.ResultExportSteps.json_СЃРѕРґРµСЂР¶РёС‚_СЃРµРєС†РёСЋ(java.lang.String)&amp#27;[0m
  &amp#27;[32mР� &amp#27;[0m&amp#27;[32mJSON СЃРѕРґРµСЂР¶РёС‚ СЃРµРєС†РёСЋ &amp#27;[0m&amp#27;[32m&amp#27;[1m"implications"&amp#27;[0m                                                     &amp#27;[90m# com.fca.bdd.ResultExportSteps.json_СЃРѕРґРµСЂР¶РёС‚_СЃРµРєС†РёСЋ(java.lang.String)&amp#27;[0m
]]></system-out>
  </testcase>
  <testcase name="Статистика в JSON соответствует результату" classname="Результат сериализуется в валидный JSON с полной статистикой" time="0.007">
    <system-out><![CDATA[
РЎС†РµРЅР°СЂРёР№: РЎС‚Р°С‚РёСЃС‚РёРєР° РІ JSON СЃРѕРѕС‚РІРµС‚СЃС‚РІСѓРµС‚ СЂРµР·СѓР»СЊС‚Р°С‚Сѓ                                             &amp#27;[90m# src/test/resources/features/result_export.feature:18&amp#27;[0m
  &amp#27;[32mР”РѕРїСѓСЃС‚РёРј &amp#27;[0m&amp#27;[32mРІС‹РїРѕР»РЅРµРЅ Р°РЅР°Р»РёР· РєРѕРЅС‚РµРєСЃС‚Р° СЃ &amp#27;[0m&amp#27;[32m&amp#27;[1m5&amp#27;[0m&amp#27;[32m РѕР±СЉРµРєС‚Р°РјРё Рё &amp#27;[0m&amp#27;[32m&amp#27;[1m6&amp#27;[0m&amp#27;[32m Р°С‚СЂРёР±СѓС‚Р°РјРё Р°Р»РіРѕСЂРёС‚РјРѕРј &amp#27;[0m&amp#27;[32m&amp#27;[1m"CbO (Collections)"&amp#27;[0m &amp#27;[90m# com.fca.bdd.ResultExportSteps.РІС‹РїРѕР»РЅРµРЅ_Р°РЅР°Р»РёР·(int,int,java.lang.String)&amp#27;[0m
  &amp#27;[32mРљРѕРіРґР° &amp#27;[0m&amp#27;[32mСЏ СЃРµСЂРёР°Р»РёР·СѓСЋ СЂРµР·СѓР»СЊС‚Р°С‚ РІ JSON&amp#27;[0m                                                            &amp#27;[90m# com.fca.bdd.ResultExportSteps.СЃРµСЂРёР°Р»РёР·СѓСЋ_РІ_json()&amp#27;[0m
  &amp#27;[32mРўРѕРіРґР° &amp#27;[0m&amp#27;[32mРІ СЃРµРєС†РёРё statistics РїРѕР»Рµ &amp#27;[0m&amp#27;[32m&amp#27;[1m"objectCount"&amp#27;[0m&amp#27;[32m СЂР°РІРЅРѕ &amp#27;[0m&amp#27;[32m&amp#27;[1m5&amp#27;[0m                                           &amp#27;[90m# com.fca.bdd.ResultExportSteps.СЃС‚Р°С‚РёСЃС‚РёРєР°_РїРѕР»Рµ_СЂР°РІРЅРѕ(java.lang.String,int)&amp#27;[0m
  &amp#27;[32mР� &amp#27;[0m&amp#27;[32mРІ СЃРµРєС†РёРё statistics РїРѕР»Рµ &amp#27;[0m&amp#27;[32m&amp#27;[1m"attributeCount"&amp#27;[0m&amp#27;[32m СЂР°РІРЅРѕ &amp#27;[0m&amp#27;[32m&amp#27;[1m6&amp#27;[0m                                            &amp#27;[90m# com.fca.bdd.ResultExportSteps.СЃС‚Р°С‚РёСЃС‚РёРєР°_РїРѕР»Рµ_СЂР°РІРЅРѕ(java.lang.String,int)&amp#27;[0m
]]></system-out>
  </testcase>
  <testcase name="Статистика в JSON соответствует результату" classname="Результат сериализуется в валидный JSON с полной статистикой" time="0.008">
    <system-out><![CDATA[
РЎС†РµРЅР°СЂРёР№: РЎС‚Р°С‚РёСЃС‚РёРєР° РІ JSON СЃРѕРѕС‚РІРµС‚СЃС‚РІСѓРµС‚ СЂРµР·СѓР»СЊС‚Р°С‚Сѓ                                             &amp#27;[90m# src/test/resources/features/result_export.feature:18&amp#27;[0m
  &amp#27;[32mР”РѕРїСѓСЃС‚РёРј &amp#27;[0m&amp#27;[32mРІС‹РїРѕР»РЅРµРЅ Р°РЅР°Р»РёР· РєРѕРЅС‚РµРєСЃС‚Р° СЃ &amp#27;[0m&amp#27;[32m&amp#27;[1m5&amp#27;[0m&amp#27;[32m РѕР±СЉРµРєС‚Р°РјРё Рё &amp#27;[0m&amp#27;[32m&amp#27;[1m6&amp#27;[0m&amp#27;[32m Р°С‚СЂРёР±СѓС‚Р°РјРё Р°Р»РіРѕСЂРёС‚РјРѕРј &amp#27;[0m&amp#27;[32m&amp#27;[1m"CbO (Collections)"&amp#27;[0m &amp#27;[90m# com.fca.bdd.ResultExportSteps.РІС‹РїРѕР»РЅРµРЅ_Р°РЅР°Р»РёР·(int,int,java.lang.String)&amp#27;[0m
  &amp#27;[32mРљРѕРіРґР° &amp#27;[0m&amp#27;[32mСЏ СЃРµСЂРёР°Р»РёР·СѓСЋ СЂРµР·СѓР»СЊС‚Р°С‚ РІ JSON&amp#27;[0m                                                            &amp#27;[90m# com.fca.bdd.ResultExportSteps.СЃРµСЂРёР°Р»РёР·СѓСЋ_РІ_json()&amp#27;[0m
  &amp#27;[32mРўРѕРіРґР° &amp#27;[0m&amp#27;[32mРІ СЃРµРєС†РёРё statistics РїРѕР»Рµ &amp#27;[0m&amp#27;[32m&amp#27;[1m"objectCount"&amp#27;[0m&amp#27;[32m СЂР°РІРЅРѕ &amp#27;[0m&amp#27;[32m&amp#27;[1m5&amp#27;[0m                                           &amp#27;[90m# com.fca.bdd.ResultExportSteps.СЃС‚Р°С‚РёСЃС‚РёРєР°_РїРѕР»Рµ_СЂР°РІРЅРѕ(java.lang.String,int)&amp#27;[0m
  &amp#27;[32mР� &amp#27;[0m&amp#27;[32mРІ СЃРµРєС†РёРё statistics РїРѕР»Рµ &amp#27;[0m&amp#27;[32m&amp#27;[1m"attributeCount"&amp#27;[0m&amp#27;[32m СЂР°РІРЅРѕ &amp#27;[0m&amp#27;[32m&amp#27;[1m6&amp#27;[0m                                            &amp#27;[90m# com.fca.bdd.ResultExportSteps.СЃС‚Р°С‚РёСЃС‚РёРєР°_РїРѕР»Рµ_СЂР°РІРЅРѕ(java.lang.String,int)&amp#27;[0m
]]></system-out>
  </testcase>
  <testcase name="Запись результатов в файл и обратное чтение" classname="Результат сериализуется в валидный JSON с полной статистикой" time="0.024">
    <system-out><![CDATA[
РЎС†РµРЅР°СЂРёР№: Р—Р°РїРёСЃСЊ СЂРµР·СѓР»СЊС‚Р°С‚РѕРІ РІ С„Р°Р№Р» Рё РѕР±СЂР°С‚РЅРѕРµ С‡С‚РµРЅРёРµ                                       &amp#27;[90m# src/test/resources/features/result_export.feature:24&amp#27;[0m
  &amp#27;[32mР”РѕРїСѓСЃС‚РёРј &amp#27;[0m&amp#27;[32mРІС‹РїРѕР»РЅРµРЅ Р°РЅР°Р»РёР· РєРѕРЅС‚РµРєСЃС‚Р° СЃ &amp#27;[0m&amp#27;[32m&amp#27;[1m5&amp#27;[0m&amp#27;[32m РѕР±СЉРµРєС‚Р°РјРё Рё &amp#27;[0m&amp#27;[32m&amp#27;[1m6&amp#27;[0m&amp#27;[32m Р°С‚СЂРёР±СѓС‚Р°РјРё Р°Р»РіРѕСЂРёС‚РјРѕРј &amp#27;[0m&amp#27;[32m&amp#27;[1m"CbO (BitSet)"&amp#27;[0m &amp#27;[90m# com.fca.bdd.ResultExportSteps.РІС‹РїРѕР»РЅРµРЅ_Р°РЅР°Р»РёР·(int,int,java.lang.String)&amp#27;[0m
  &amp#27;[32mРљРѕРіРґР° &amp#27;[0m&amp#27;[32mСЏ Р·Р°РїРёСЃС‹РІР°СЋ СЂРµР·СѓР»СЊС‚Р°С‚ РІ С„Р°Р№Р» &amp#27;[0m&amp#27;[32m&amp#27;[1m"test-output-bdd.json"&amp#27;[0m                                 &amp#27;[90m# com.fca.bdd.ResultExportSteps.Р·Р°РїРёСЃС‹РІР°СЋ_РІ_С„Р°Р№Р»(java.lang.String)&amp#27;[0m
  &amp#27;[32mРўРѕРіРґР° &amp#27;[0m&amp#27;[32mС„Р°Р№Р» &amp#27;[0m&amp#27;[32m&amp#27;[1m"test-output-bdd.json"&amp#27;[0m&amp#27;[32m СЃСѓС‰РµСЃС‚РІСѓРµС‚&amp#27;[0m                                              &amp#27;[90m# com.fca.bdd.ResultExportSteps.С„Р°Р№Р»_СЃСѓС‰РµСЃС‚РІСѓРµС‚(java.lang.String)&amp#27;[0m
  &amp#27;[32mР� &amp#27;[0m&amp#27;[32mСЃРѕРґРµСЂР¶РёРјРѕРµ С„Р°Р№Р»Р° СЏРІР»СЏРµС‚СЃСЏ РІР°Р»РёРґРЅС‹Рј JSON&amp#27;[0m                                                 &amp#27;[90m# com.fca.bdd.ResultExportSteps.С„Р°Р№Р»_РІР°Р»РёРґРЅС‹Р№_json()&amp#27;[0m
]]></system-out>
  </testcase>
  <testcase name="Запись результатов в файл и обратное чтение" classname="Результат сериализуется в валидный JSON с полной статистикой" time="0.02">
    <system-out><![CDATA[
РЎС†РµРЅР°СЂРёР№: Р—Р°РїРёСЃСЊ СЂРµР·СѓР»СЊС‚Р°С‚РѕРІ РІ С„Р°Р№Р» Рё РѕР±СЂР°С‚РЅРѕРµ С‡С‚РµРЅРёРµ                                       &amp#27;[90m# src/test/resources/features/result_export.feature:24&amp#27;[0m
  &amp#27;[32mР”РѕРїСѓСЃС‚РёРј &amp#27;[0m&amp#27;[32mРІС‹РїРѕР»РЅРµРЅ Р°РЅР°Р»РёР· РєРѕРЅС‚РµРєСЃС‚Р° СЃ &amp#27;[0m&amp#27;[32m&amp#27;[1m5&amp#27;[0m&amp#27;[32m РѕР±СЉРµРєС‚Р°РјРё Рё &amp#27;[0m&amp#27;[32m&amp#27;[1m6&amp#27;[0m&amp#27;[32m Р°С‚СЂРёР±СѓС‚Р°РјРё Р°Р»РіРѕСЂРёС‚РјРѕРј &amp#27;[0m&amp#27;[32m&amp#27;[1m"CbO (BitSet)"&amp#27;[0m &amp#27;[90m# com.fca.bdd.ResultExportSteps.РІС‹РїРѕР»РЅРµРЅ_Р°РЅР°Р»РёР·(int,int,java.lang.String)&amp#27;[0m
  &amp#27;[32mРљРѕРіРґР° &amp#27;[0m&amp#27;[32mСЏ Р·Р°РїРёСЃС‹РІР°СЋ СЂРµР·СѓР»СЊС‚Р°С‚ РІ С„Р°Р№Р» &amp#27;[0m&amp#27;[32m&amp#27;[1m"test-output-bdd.json"&amp#27;[0m                                 &amp#27;[90m# com.fca.bdd.ResultExportSteps.Р·Р°РїРёСЃС‹РІР°СЋ_РІ_С„Р°Р№Р»(java.lang.String)&amp#27;[0m
  &amp#27;[32mРўРѕРіРґР° &amp#27;[0m&amp#27;[32mС„Р°Р№Р» &amp#27;[0m&amp#27;[32m&amp#27;[1m"test-output-bdd.json"&amp#27;[0m&amp#27;[32m СЃСѓС‰РµСЃС‚РІСѓРµС‚&amp#27;[0m                                              &amp#27;[90m# com.fca.bdd.ResultExportSteps.С„Р°Р№Р»_СЃСѓС‰РµСЃС‚РІСѓРµС‚(java.lang.String)&amp#27;[0m
  &amp#27;[32mР� &amp#27;[0m&amp#27;[32mСЃРѕРґРµСЂР¶РёРјРѕРµ С„Р°Р№Р»Р° СЏРІР»СЏРµС‚СЃСЏ РІР°Р»РёРґРЅС‹Рј JSON&amp#27;[0m                                                 &amp#27;[90m# com.fca.bdd.ResultExportSteps.С„Р°Р№Р»_РІР°Р»РёРґРЅС‹Р№_json()&amp#27;[0m
]]></system-out>
  </testcase>
  <testcase name="Пустой результат корректно сериализуется" classname="Результат сериализуется в валидный JSON с полной статистикой" time="0.005">
    <system-out><![CDATA[
РЎС†РµРЅР°СЂРёР№: РџСѓСЃС‚РѕР№ СЂРµР·СѓР»СЊС‚Р°С‚ РєРѕСЂСЂРµРєС‚РЅРѕ СЃРµСЂРёР°Р»РёР·СѓРµС‚СЃСЏ &amp#27;[90m# src/test/resources/features/result_export.feature:30&amp#27;[0m
  &amp#27;[32mР”РѕРїСѓСЃС‚РёРј &amp#27;[0m&amp#27;[32mРІС‹РїРѕР»РЅРµРЅ Р°РЅР°Р»РёР· РїСѓСЃС‚РѕРіРѕ РєРѕРЅС‚РµРєСЃС‚Р°&amp#27;[0m       &amp#27;[90m# com.fca.bdd.ResultExportSteps.РІС‹РїРѕР»РЅРµРЅ_Р°РЅР°Р»РёР·_РїСѓСЃС‚РѕРіРѕ()&amp#27;[0m
  &amp#27;[32mРљРѕРіРґР° &amp#27;[0m&amp#27;[32mСЏ СЃРµСЂРёР°Р»РёР·СѓСЋ СЂРµР·СѓР»СЊС‚Р°С‚ РІ JSON&amp#27;[0m              &amp#27;[90m# com.fca.bdd.ResultExportSteps.СЃРµСЂРёР°Р»РёР·СѓСЋ_РІ_json()&amp#27;[0m
  &amp#27;[32mРўРѕРіРґР° &amp#27;[0m&amp#27;[32mJSON СЃРѕРґРµСЂР¶РёС‚ СЃРµРєС†РёСЋ &amp#27;[0m&amp#27;[32m&amp#27;[1m"concepts"&amp#27;[0m            &amp#27;[90m# com.fca.bdd.ResultExportSteps.json_СЃРѕРґРµСЂР¶РёС‚_СЃРµРєС†РёСЋ(java.lang.String)&amp#27;[0m
  &amp#27;[32mР� &amp#27;[0m&amp#27;[32mJSON СЃРѕРґРµСЂР¶РёС‚ СЃРµРєС†РёСЋ &amp#27;[0m&amp#27;[32m&amp#27;[1m"implications"&amp#27;[0m            &amp#27;[90m# com.fca.bdd.ResultExportSteps.json_СЃРѕРґРµСЂР¶РёС‚_СЃРµРєС†РёСЋ(java.lang.String)&amp#27;[0m
]]></system-out>
  </testcase>
  <testcase name="Пустой результат корректно сериализуется" classname="Результат сериализуется в валидный JSON с полной статистикой" time="0.003">
    <system-out><![CDATA[
РЎС†РµРЅР°СЂРёР№: РџСѓСЃС‚РѕР№ СЂРµР·СѓР»СЊС‚Р°С‚ РєРѕСЂСЂРµРєС‚РЅРѕ СЃРµСЂРёР°Р»РёР·СѓРµС‚СЃСЏ &amp#27;[90m# src/test/resources/features/result_export.feature:30&amp#27;[0m
  &amp#27;[32mР”РѕРїСѓСЃС‚РёРј &amp#27;[0m&amp#27;[32mРІС‹РїРѕР»РЅРµРЅ Р°РЅР°Р»РёР· РїСѓСЃС‚РѕРіРѕ РєРѕРЅС‚РµРєСЃС‚Р°&amp#27;[0m       &amp#27;[90m# com.fca.bdd.ResultExportSteps.РІС‹РїРѕР»РЅРµРЅ_Р°РЅР°Р»РёР·_РїСѓСЃС‚РѕРіРѕ()&amp#27;[0m
  &amp#27;[32mРљРѕРіРґР° &amp#27;[0m&amp#27;[32mСЏ СЃРµСЂРёР°Р»РёР·СѓСЋ СЂРµР·СѓР»СЊС‚Р°С‚ РІ JSON&amp#27;[0m              &amp#27;[90m# com.fca.bdd.ResultExportSteps.СЃРµСЂРёР°Р»РёР·СѓСЋ_РІ_json()&amp#27;[0m
  &amp#27;[32mРўРѕРіРґР° &amp#27;[0m&amp#27;[32mJSON СЃРѕРґРµСЂР¶РёС‚ СЃРµРєС†РёСЋ &amp#27;[0m&amp#27;[32m&amp#27;[1m"concepts"&amp#27;[0m            &amp#27;[90m# com.fca.bdd.ResultExportSteps.json_СЃРѕРґРµСЂР¶РёС‚_СЃРµРєС†РёСЋ(java.lang.String)&amp#27;[0m
  &amp#27;[32mР� &amp#27;[0m&amp#27;[32mJSON СЃРѕРґРµСЂР¶РёС‚ СЃРµРєС†РёСЋ &amp#27;[0m&amp#27;[32m&amp#27;[1m"implications"&amp#27;[0m            &amp#27;[90m# com.fca.bdd.ResultExportSteps.json_СЃРѕРґРµСЂР¶РёС‚_СЃРµРєС†РёСЋ(java.lang.String)&amp#27;[0m
]]></system-out>
  </testcase>
</testsuite>