<?xml version="1.0" encoding="UTF-8"?>
<testsuite xmlns:xsi="http://www.w3.org/2001/XMLSchema-instance" xsi:noNamespaceSchemaLocation="https://maven.apache.org/surefire/maven-surefire-plugin/xsd/surefire-test-report-3.0.xsd" version="3.0" name="com.fca.implication.ImplicationGeneratorTest" time="0.113" tests="10" errors="0" skipped="0" failures="0">
  <properties>
[...]
</properties>
  <testcase name="contextWithImplications" classname="com.fca.implication.ImplicationGeneratorTest" time="0.009"/>
  <testcase name="nullConcepts" classname="com.fca.implication.ImplicationGeneratorTest" time="0.0"/>
  <testcase name="noDuplicateImplications" classname="com.fca.implication.ImplicationGeneratorTest" time="0.0"/>
  <testcase name="fullContext_trivialImplications" classname="com.fca.implication.ImplicationGeneratorTest" time="0.0"/>
  <testcase name="assumption_closureExists" classname="com.fca.implication.ImplicationGeneratorTest" time="0.0"/>
  <testcase name="emptyConcepts" classname="com.fca.implication.ImplicationGeneratorTest" time="0.0"/>
  <testcase name="implicationsMatchBothImplementations" classname="com.fca.implication.ImplicationGeneratorTest" time="0.003"/>
  <testcase name="parametrizedImplicationCorrectness(String, FormalContext)[1]" classname="com.fca.implication.ImplicationGeneratorTest" time="0.031"/>
  <testcase name="parametrizedImplicationCorrectness(String, FormalContext)[2]" classname="com.fca.implication.ImplicationGeneratorTest" time="0.001"/>
  <testcase name="premiseAndConclusionDisjoint" classname="com.fca.implication.ImplicationGeneratorTest" time="0.002"/>
</testsuite>